Release 14.7 Map P.20131013 (nt64)
Xilinx Mapping Report File for Design 'system'

Design Information
------------------
Command Line   : map -intstyle ise -p xc7a100t-csg324-3 -w -logic_opt off -ol
high -t 1 -xt 0 -register_duplication off -r 4 -mt off -ir off -pr off -lc off
-power off -o system_map.ncd system.ngd system.pcf 
Target Device  : xc7a100t
Target Package : csg324
Target Speed   : -3
Mapper Version : artix7 -- $Revision: 1.55 $
Mapped Date    : Wed May 11 09:58:20 2016

Design Summary
--------------
Number of errors:      0
Number of warnings:   18
Slice Logic Utilization:
  Number of Slice Registers:                 3,914 out of 126,800    3%
    Number used as Flip Flops:               3,882
    Number used as Latches:                     32
    Number used as Latch-thrus:                  0
    Number used as AND/OR logics:                0
  Number of Slice LUTs:                      7,228 out of  63,400   11%
    Number used as logic:                    7,188 out of  63,400   11%
      Number using O6 output only:           5,539
      Number using O5 output only:             136
      Number using O5 and O6:                1,513
      Number used as ROM:                        0
    Number used as Memory:                       8 out of  19,000    1%
      Number used as Dual Port RAM:              0
      Number used as Single Port RAM:            0
      Number used as Shift Register:             8
        Number using O6 output only:             0
        Number using O5 output only:             0
        Number using O5 and O6:                  8
    Number used exclusively as route-thrus:     32
      Number with same-slice register load:     24
      Number with same-slice carry load:         8
      Number with other load:                    0

Slice Logic Distribution:
  Number of occupied Slices:                 2,529 out of  15,850   15%
  Number of LUT Flip Flop pairs used:        7,576
    Number with an unused Flip Flop:         4,314 out of   7,576   56%
    Number with an unused LUT:                 348 out of   7,576    4%
    Number of fully used LUT-FF pairs:       2,914 out of   7,576   38%
    Number of unique control sets:              63
    Number of slice register sites lost
      to control set restrictions:             126 out of 126,800    1%

  A LUT Flip Flop pair for this architecture represents one LUT paired with
  one Flip Flop within a slice.  A control set is a unique combination of
  clock, reset, set, and enable signals for a registered element.
  The Slice Logic Distribution report is not meaningful if the design is
  over-mapped for a non-slice resource or if Placement fails.
  OVERMAPPING of BRAM resources should be ignored if the design is
  over-mapped for a non-BRAM resource or if placement fails.

IO Utilization:
  Number of bonded IOBs:                       107 out of     210   50%
    Number of LOCed IOBs:                      107 out of     107  100%

Specific Feature Utilization:
  Number of RAMB36E1/FIFO36E1s:                 24 out of     135   17%
    Number using RAMB36E1 only:                 24
    Number using FIFO36E1 only:                  0
  Number of RAMB18E1/FIFO18E1s:                  0 out of     270    0%
  Number of BUFG/BUFGCTRLs:                      4 out of      32   12%
    Number used as BUFGs:                        4
    Number used as BUFGCTRLs:                    0
  Number of IDELAYE2/IDELAYE2_FINEDELAYs:        0 out of     300    0%
  Number of ILOGICE2/ILOGICE3/ISERDESE2s:        0 out of     300    0%
  Number of ODELAYE2/ODELAYE2_FINEDELAYs:        0
  Number of OLOGICE2/OLOGICE3/OSERDESE2s:        8 out of     300    2%
    Number used as OLOGICE2s:                    8
    Number used as OLOGICE3s:                    0
    Number used as OSERDESE2s:                   0
  Number of PHASER_IN/PHASER_IN_PHYs:            0 out of      24    0%
  Number of PHASER_OUT/PHASER_OUT_PHYs:          0 out of      24    0%
  Number of BSCANs:                              0 out of       4    0%
  Number of BUFHCEs:                             0 out of      96    0%
  Number of BUFRs:                               0 out of      24    0%
  Number of CAPTUREs:                            0 out of       1    0%
  Number of DNA_PORTs:                           0 out of       1    0%
  Number of DSP48E1s:                            0 out of     240    0%
  Number of EFUSE_USRs:                          0 out of       1    0%
  Number of FRAME_ECCs:                          0 out of       1    0%
  Number of IBUFDS_GTE2s:                        0 out of       4    0%
  Number of ICAPs:                               0 out of       2    0%
  Number of IDELAYCTRLs:                         0 out of       6    0%
  Number of IN_FIFOs:                            0 out of      24    0%
  Number of MMCME2_ADVs:                         0 out of       6    0%
  Number of OUT_FIFOs:                           0 out of      24    0%
  Number of PCIE_2_1s:                           0 out of       1    0%
  Number of PHASER_REFs:                         0 out of       6    0%
  Number of PHY_CONTROLs:                        0 out of       6    0%
  Number of PLLE2_ADVs:                          0 out of       6    0%
  Number of STARTUPs:                            0 out of       1    0%
  Number of XADCs:                               0 out of       1    0%

Average Fanout of Non-Clock Nets:                5.28

Peak Memory Usage:  952 MB
Total REAL time to MAP completion:  4 mins 51 secs 
Total CPU time to MAP completion:   4 mins 23 secs 

Table of Contents
-----------------
Section 1 - Errors
Section 2 - Warnings
Section 3 - Informational
Section 4 - Removed Logic Summary
Section 5 - Removed Logic
Section 6 - IOB Properties
Section 7 - RPMs
Section 8 - Guide Report
Section 9 - Area Group and Partition Summary
Section 10 - Timing Report
Section 11 - Configuration String Information
Section 12 - Control Set Information
Section 13 - Utilization by Hierarchy

Section 1 - Errors
------------------

Section 2 - Warnings
--------------------
WARNING:Pack:2912 - The LUT-1 inverter "umem/sram_oe_inv1_INV_0" failed to join
   the "OLOGICE2" comp matched to output buffer "psram_data_0_IOBUF/OBUFT". 
   This may result in suboptimal timing.  The LUT-1 inverter
   umem/sram_oe_inv1_INV_0 drives multiple loads.
WARNING:Pack:2912 - The LUT-1 inverter "umem/sram_oe_inv1_INV_0" failed to join
   the "OLOGICE2" comp matched to output buffer "psram_data_3_IOBUF/OBUFT". 
   This may result in suboptimal timing.  The LUT-1 inverter
   umem/sram_oe_inv1_INV_0 drives multiple loads.
WARNING:Pack:2912 - The LUT-1 inverter "umem/sram_oe_inv1_INV_0" failed to join
   the "OLOGICE2" comp matched to output buffer "psram_data_4_IOBUF/OBUFT". 
   This may result in suboptimal timing.  The LUT-1 inverter
   umem/sram_oe_inv1_INV_0 drives multiple loads.
WARNING:Pack:2912 - The LUT-1 inverter "umem/sram_oe_inv1_INV_0" failed to join
   the "OLOGICE2" comp matched to output buffer "psram_data_1_IOBUF/OBUFT". 
   This may result in suboptimal timing.  The LUT-1 inverter
   umem/sram_oe_inv1_INV_0 drives multiple loads.
WARNING:Pack:2912 - The LUT-1 inverter "umem/sram_oe_inv1_INV_0" failed to join
   the "OLOGICE2" comp matched to output buffer "psram_data_2_IOBUF/OBUFT". 
   This may result in suboptimal timing.  The LUT-1 inverter
   umem/sram_oe_inv1_INV_0 drives multiple loads.
WARNING:Pack:2912 - The LUT-1 inverter "umem/sram_oe_inv1_INV_0" failed to join
   the "OLOGICE2" comp matched to output buffer "psram_data_7_IOBUF/OBUFT". 
   This may result in suboptimal timing.  The LUT-1 inverter
   umem/sram_oe_inv1_INV_0 drives multiple loads.
WARNING:Pack:2912 - The LUT-1 inverter "umem/sram_oe_inv1_INV_0" failed to join
   the "OLOGICE2" comp matched to output buffer "psram_data_8_IOBUF/OBUFT". 
   This may result in suboptimal timing.  The LUT-1 inverter
   umem/sram_oe_inv1_INV_0 drives multiple loads.
WARNING:Pack:2912 - The LUT-1 inverter "umem/sram_oe_inv1_INV_0" failed to join
   the "OLOGICE2" comp matched to output buffer "psram_data_5_IOBUF/OBUFT". 
   This may result in suboptimal timing.  The LUT-1 inverter
   umem/sram_oe_inv1_INV_0 drives multiple loads.
WARNING:Pack:2912 - The LUT-1 inverter "umem/sram_oe_inv1_INV_0" failed to join
   the "OLOGICE2" comp matched to output buffer "psram_data_6_IOBUF/OBUFT". 
   This may result in suboptimal timing.  The LUT-1 inverter
   umem/sram_oe_inv1_INV_0 drives multiple loads.
WARNING:Pack:2912 - The LUT-1 inverter "umem/sram_oe_inv1_INV_0" failed to join
   the "OLOGICE2" comp matched to output buffer "psram_data_9_IOBUF/OBUFT". 
   This may result in suboptimal timing.  The LUT-1 inverter
   umem/sram_oe_inv1_INV_0 drives multiple loads.
WARNING:Pack:2912 - The LUT-1 inverter "umem/sram_oe_inv1_INV_0" failed to join
   the "OLOGICE2" comp matched to output buffer "psram_data_15_IOBUF/OBUFT". 
   This may result in suboptimal timing.  The LUT-1 inverter
   umem/sram_oe_inv1_INV_0 drives multiple loads.
WARNING:Pack:2912 - The LUT-1 inverter "umem/sram_oe_inv1_INV_0" failed to join
   the "OLOGICE2" comp matched to output buffer "psram_data_12_IOBUF/OBUFT". 
   This may result in suboptimal timing.  The LUT-1 inverter
   umem/sram_oe_inv1_INV_0 drives multiple loads.
WARNING:Pack:2912 - The LUT-1 inverter "umem/sram_oe_inv1_INV_0" failed to join
   the "OLOGICE2" comp matched to output buffer "psram_data_11_IOBUF/OBUFT". 
   This may result in suboptimal timing.  The LUT-1 inverter
   umem/sram_oe_inv1_INV_0 drives multiple loads.
WARNING:Pack:2912 - The LUT-1 inverter "umem/sram_oe_inv1_INV_0" failed to join
   the "OLOGICE2" comp matched to output buffer "psram_data_14_IOBUF/OBUFT". 
   This may result in suboptimal timing.  The LUT-1 inverter
   umem/sram_oe_inv1_INV_0 drives multiple loads.
WARNING:Pack:2912 - The LUT-1 inverter "umem/sram_oe_inv1_INV_0" failed to join
   the "OLOGICE2" comp matched to output buffer "psram_data_13_IOBUF/OBUFT". 
   This may result in suboptimal timing.  The LUT-1 inverter
   umem/sram_oe_inv1_INV_0 drives multiple loads.
WARNING:Pack:2912 - The LUT-1 inverter "umem/sram_oe_inv1_INV_0" failed to join
   the "OLOGICE2" comp matched to output buffer "psram_data_10_IOBUF/OBUFT". 
   This may result in suboptimal timing.  The LUT-1 inverter
   umem/sram_oe_inv1_INV_0 drives multiple loads.
WARNING:Pack:2912 - The LUT-1 inverter "umem/_n187211_INV_0" failed to join the
   "OLOGICE2" comp matched to output buffer "psram_ce_OBUF".  This may result in
   suboptimal timing.  The LUT-1 inverter umem/_n187211_INV_0 drives multiple
   loads.
WARNING:Pack:2912 - The LUT-1 inverter "umem/_n187211_INV_0" failed to join the
   "OLOGICE2" comp matched to output buffer "led_out_15_OBUF".  This may result
   in suboptimal timing.  The LUT-1 inverter umem/_n187211_INV_0 drives multiple
   loads.

Section 3 - Informational
-------------------------
INFO:LIT:243 - Logical network uvga/uram/doutb<4> has no load.
INFO:LIT:395 - The above info message is repeated 4 more times for the following
   (max. 5 shown):
   uvga/uram/doutb<3>,
   uvga/uram/doutb<2>,
   uvga/uram/doutb<1>,
   uvga/uram/doutb<0>
   To see the details of these info messages, please use the -detail switch.
INFO:Pack:1716 - Initializing temperature to 85.000 Celsius. (default - Range:
   0.000 to 85.000 Celsius)
INFO:Pack:1720 - Initializing voltage to 0.950 Volts. (default - Range: 0.950 to
   1.050 Volts)
INFO:Map:215 - The Interim Design Summary has been generated in the MAP Report
   (.mrp).
INFO:Pack:1650 - Map created a placed design.

Section 4 - Removed Logic Summary
---------------------------------
  50 block(s) removed
   6 block(s) optimized away
  71 signal(s) removed

Section 5 - Removed Logic
-------------------------

The trimmed logic report below shows the logic removed from your design due to
sourceless or loadless signals, and VCC or ground connections.  If the removal
of a signal or symbol results in the subsequent removal of an additional signal
or symbol, the message explaining that second removal will be indented.  This
indentation will be repeated as a chain of related logic is removed.

To quickly locate the original cause for the removal of a chain of logic, look
above the place where that logic is listed in the trimming report, then locate
the lines that are least indented (begin at the leftmost edge).

The signal "uvga/uram/doutb<4>" is sourceless and has been removed.
The signal "uvga/uram/doutb<3>" is sourceless and has been removed.
The signal "uvga/uram/doutb<2>" is sourceless and has been removed.
The signal "uvga/uram/doutb<1>" is sourceless and has been removed.
The signal "uvga/uram/doutb<0>" is sourceless and has been removed.
The signal "uvga/uram/N0" is sourceless and has been removed.
The signal
"uvga/uram/U0/xst_blk_mem_generator/gnativebmg.native_blk_mem_gen/valid.cstr/ram
loop[17].ram.ram_doutb" is sourceless and has been removed.
 Sourceless block
"uvga/uram/U0/xst_blk_mem_generator/gnativebmg.native_blk_mem_gen/valid.cstr/has
_mux_b.B/Mmux_dout_mux51" (ROM) removed.
The signal
"uvga/uram/U0/xst_blk_mem_generator/gnativebmg.native_blk_mem_gen/valid.cstr/ram
loop[19].ram.ram_doutb" is sourceless and has been removed.
The signal
"uvga/uram/U0/xst_blk_mem_generator/gnativebmg.native_blk_mem_gen/valid.cstr/ram
loop[18].ram.ram_doutb" is sourceless and has been removed.
The signal
"uvga/uram/U0/xst_blk_mem_generator/gnativebmg.native_blk_mem_gen/valid.cstr/ram
loop[16].ram.ram_doutb" is sourceless and has been removed.
The signal
"uvga/uram/U0/xst_blk_mem_generator/gnativebmg.native_blk_mem_gen/valid.cstr/ram
loop[13].ram.ram_doutb" is sourceless and has been removed.
 Sourceless block
"uvga/uram/U0/xst_blk_mem_generator/gnativebmg.native_blk_mem_gen/valid.cstr/has
_mux_b.B/Mmux_dout_mux41" (ROM) removed.
The signal
"uvga/uram/U0/xst_blk_mem_generator/gnativebmg.native_blk_mem_gen/valid.cstr/ram
loop[15].ram.ram_doutb" is sourceless and has been removed.
The signal
"uvga/uram/U0/xst_blk_mem_generator/gnativebmg.native_blk_mem_gen/valid.cstr/ram
loop[14].ram.ram_doutb" is sourceless and has been removed.
The signal
"uvga/uram/U0/xst_blk_mem_generator/gnativebmg.native_blk_mem_gen/valid.cstr/ram
loop[12].ram.ram_doutb" is sourceless and has been removed.
The signal
"uvga/uram/U0/xst_blk_mem_generator/gnativebmg.native_blk_mem_gen/valid.cstr/ram
loop[9].ram.ram_doutb" is sourceless and has been removed.
 Sourceless block
"uvga/uram/U0/xst_blk_mem_generator/gnativebmg.native_blk_mem_gen/valid.cstr/has
_mux_b.B/Mmux_dout_mux31" (ROM) removed.
The signal
"uvga/uram/U0/xst_blk_mem_generator/gnativebmg.native_blk_mem_gen/valid.cstr/ram
loop[11].ram.ram_doutb" is sourceless and has been removed.
The signal
"uvga/uram/U0/xst_blk_mem_generator/gnativebmg.native_blk_mem_gen/valid.cstr/ram
loop[10].ram.ram_doutb" is sourceless and has been removed.
The signal
"uvga/uram/U0/xst_blk_mem_generator/gnativebmg.native_blk_mem_gen/valid.cstr/ram
loop[8].ram.ram_doutb" is sourceless and has been removed.
The signal
"uvga/uram/U0/xst_blk_mem_generator/gnativebmg.native_blk_mem_gen/valid.cstr/ram
loop[5].ram.ram_doutb" is sourceless and has been removed.
 Sourceless block
"uvga/uram/U0/xst_blk_mem_generator/gnativebmg.native_blk_mem_gen/valid.cstr/has
_mux_b.B/Mmux_dout_mux21" (ROM) removed.
The signal
"uvga/uram/U0/xst_blk_mem_generator/gnativebmg.native_blk_mem_gen/valid.cstr/ram
loop[7].ram.ram_doutb" is sourceless and has been removed.
The signal
"uvga/uram/U0/xst_blk_mem_generator/gnativebmg.native_blk_mem_gen/valid.cstr/ram
loop[6].ram.ram_doutb" is sourceless and has been removed.
The signal
"uvga/uram/U0/xst_blk_mem_generator/gnativebmg.native_blk_mem_gen/valid.cstr/ram
loop[4].ram.ram_doutb" is sourceless and has been removed.
The signal
"uvga/uram/U0/xst_blk_mem_generator/gnativebmg.native_blk_mem_gen/valid.cstr/ram
loop[1].ram.ram_doutb" is sourceless and has been removed.
 Sourceless block
"uvga/uram/U0/xst_blk_mem_generator/gnativebmg.native_blk_mem_gen/valid.cstr/has
_mux_b.B/Mmux_dout_mux11" (ROM) removed.
The signal
"uvga/uram/U0/xst_blk_mem_generator/gnativebmg.native_blk_mem_gen/valid.cstr/ram
loop[3].ram.ram_doutb" is sourceless and has been removed.
The signal
"uvga/uram/U0/xst_blk_mem_generator/gnativebmg.native_blk_mem_gen/valid.cstr/ram
loop[2].ram.ram_doutb" is sourceless and has been removed.
The signal
"uvga/uram/U0/xst_blk_mem_generator/gnativebmg.native_blk_mem_gen/valid.cstr/ram
loop[0].ram.ram_doutb" is sourceless and has been removed.
The signal
"uvga/uram/U0/xst_blk_mem_generator/gnativebmg.native_blk_mem_gen/valid.cstr/ram
loop[19].ram.r/v6_noinit.ram/cascadelata_tmp" is sourceless and has been
removed.
The signal
"uvga/uram/U0/xst_blk_mem_generator/gnativebmg.native_blk_mem_gen/valid.cstr/ram
loop[19].ram.r/v6_noinit.ram/cascadelatb_tmp" is sourceless and has been
removed.
The signal
"uvga/uram/U0/xst_blk_mem_generator/gnativebmg.native_blk_mem_gen/valid.cstr/ram
loop[18].ram.r/v6_noinit.ram/cascadelata_tmp" is sourceless and has been
removed.
The signal
"uvga/uram/U0/xst_blk_mem_generator/gnativebmg.native_blk_mem_gen/valid.cstr/ram
loop[18].ram.r/v6_noinit.ram/cascadelatb_tmp" is sourceless and has been
removed.
The signal
"uvga/uram/U0/xst_blk_mem_generator/gnativebmg.native_blk_mem_gen/valid.cstr/ram
loop[17].ram.r/v6_noinit.ram/cascadelata_tmp" is sourceless and has been
removed.
The signal
"uvga/uram/U0/xst_blk_mem_generator/gnativebmg.native_blk_mem_gen/valid.cstr/ram
loop[17].ram.r/v6_noinit.ram/cascadelatb_tmp" is sourceless and has been
removed.
The signal
"uvga/uram/U0/xst_blk_mem_generator/gnativebmg.native_blk_mem_gen/valid.cstr/ram
loop[16].ram.r/v6_noinit.ram/cascadelata_tmp" is sourceless and has been
removed.
The signal
"uvga/uram/U0/xst_blk_mem_generator/gnativebmg.native_blk_mem_gen/valid.cstr/ram
loop[16].ram.r/v6_noinit.ram/cascadelatb_tmp" is sourceless and has been
removed.
The signal
"uvga/uram/U0/xst_blk_mem_generator/gnativebmg.native_blk_mem_gen/valid.cstr/ram
loop[15].ram.r/v6_noinit.ram/cascadelata_tmp" is sourceless and has been
removed.
The signal
"uvga/uram/U0/xst_blk_mem_generator/gnativebmg.native_blk_mem_gen/valid.cstr/ram
loop[15].ram.r/v6_noinit.ram/cascadelatb_tmp" is sourceless and has been
removed.
The signal
"uvga/uram/U0/xst_blk_mem_generator/gnativebmg.native_blk_mem_gen/valid.cstr/ram
loop[14].ram.r/v6_noinit.ram/cascadelata_tmp" is sourceless and has been
removed.
The signal
"uvga/uram/U0/xst_blk_mem_generator/gnativebmg.native_blk_mem_gen/valid.cstr/ram
loop[14].ram.r/v6_noinit.ram/cascadelatb_tmp" is sourceless and has been
removed.
The signal
"uvga/uram/U0/xst_blk_mem_generator/gnativebmg.native_blk_mem_gen/valid.cstr/ram
loop[13].ram.r/v6_noinit.ram/cascadelata_tmp" is sourceless and has been
removed.
The signal
"uvga/uram/U0/xst_blk_mem_generator/gnativebmg.native_blk_mem_gen/valid.cstr/ram
loop[13].ram.r/v6_noinit.ram/cascadelatb_tmp" is sourceless and has been
removed.
The signal
"uvga/uram/U0/xst_blk_mem_generator/gnativebmg.native_blk_mem_gen/valid.cstr/ram
loop[12].ram.r/v6_noinit.ram/cascadelata_tmp" is sourceless and has been
removed.
The signal
"uvga/uram/U0/xst_blk_mem_generator/gnativebmg.native_blk_mem_gen/valid.cstr/ram
loop[12].ram.r/v6_noinit.ram/cascadelatb_tmp" is sourceless and has been
removed.
The signal
"uvga/uram/U0/xst_blk_mem_generator/gnativebmg.native_blk_mem_gen/valid.cstr/ram
loop[11].ram.r/v6_noinit.ram/cascadelata_tmp" is sourceless and has been
removed.
The signal
"uvga/uram/U0/xst_blk_mem_generator/gnativebmg.native_blk_mem_gen/valid.cstr/ram
loop[11].ram.r/v6_noinit.ram/cascadelatb_tmp" is sourceless and has been
removed.
The signal
"uvga/uram/U0/xst_blk_mem_generator/gnativebmg.native_blk_mem_gen/valid.cstr/ram
loop[10].ram.r/v6_noinit.ram/cascadelata_tmp" is sourceless and has been
removed.
The signal
"uvga/uram/U0/xst_blk_mem_generator/gnativebmg.native_blk_mem_gen/valid.cstr/ram
loop[10].ram.r/v6_noinit.ram/cascadelatb_tmp" is sourceless and has been
removed.
The signal
"uvga/uram/U0/xst_blk_mem_generator/gnativebmg.native_blk_mem_gen/valid.cstr/ram
loop[9].ram.r/v6_noinit.ram/cascadelata_tmp" is sourceless and has been removed.
The signal
"uvga/uram/U0/xst_blk_mem_generator/gnativebmg.native_blk_mem_gen/valid.cstr/ram
loop[9].ram.r/v6_noinit.ram/cascadelatb_tmp" is sourceless and has been removed.
The signal
"uvga/uram/U0/xst_blk_mem_generator/gnativebmg.native_blk_mem_gen/valid.cstr/ram
loop[8].ram.r/v6_noinit.ram/cascadelata_tmp" is sourceless and has been removed.
The signal
"uvga/uram/U0/xst_blk_mem_generator/gnativebmg.native_blk_mem_gen/valid.cstr/ram
loop[8].ram.r/v6_noinit.ram/cascadelatb_tmp" is sourceless and has been removed.
The signal
"uvga/uram/U0/xst_blk_mem_generator/gnativebmg.native_blk_mem_gen/valid.cstr/ram
loop[7].ram.r/v6_noinit.ram/cascadelata_tmp" is sourceless and has been removed.
The signal
"uvga/uram/U0/xst_blk_mem_generator/gnativebmg.native_blk_mem_gen/valid.cstr/ram
loop[7].ram.r/v6_noinit.ram/cascadelatb_tmp" is sourceless and has been removed.
The signal
"uvga/uram/U0/xst_blk_mem_generator/gnativebmg.native_blk_mem_gen/valid.cstr/ram
loop[6].ram.r/v6_noinit.ram/cascadelata_tmp" is sourceless and has been removed.
The signal
"uvga/uram/U0/xst_blk_mem_generator/gnativebmg.native_blk_mem_gen/valid.cstr/ram
loop[6].ram.r/v6_noinit.ram/cascadelatb_tmp" is sourceless and has been removed.
The signal
"uvga/uram/U0/xst_blk_mem_generator/gnativebmg.native_blk_mem_gen/valid.cstr/ram
loop[5].ram.r/v6_noinit.ram/cascadelata_tmp" is sourceless and has been removed.
The signal
"uvga/uram/U0/xst_blk_mem_generator/gnativebmg.native_blk_mem_gen/valid.cstr/ram
loop[5].ram.r/v6_noinit.ram/cascadelatb_tmp" is sourceless and has been removed.
The signal
"uvga/uram/U0/xst_blk_mem_generator/gnativebmg.native_blk_mem_gen/valid.cstr/ram
loop[4].ram.r/v6_noinit.ram/cascadelata_tmp" is sourceless and has been removed.
The signal
"uvga/uram/U0/xst_blk_mem_generator/gnativebmg.native_blk_mem_gen/valid.cstr/ram
loop[4].ram.r/v6_noinit.ram/cascadelatb_tmp" is sourceless and has been removed.
The signal
"uvga/uram/U0/xst_blk_mem_generator/gnativebmg.native_blk_mem_gen/valid.cstr/ram
loop[3].ram.r/v6_noinit.ram/cascadelata_tmp" is sourceless and has been removed.
The signal
"uvga/uram/U0/xst_blk_mem_generator/gnativebmg.native_blk_mem_gen/valid.cstr/ram
loop[3].ram.r/v6_noinit.ram/cascadelatb_tmp" is sourceless and has been removed.
The signal
"uvga/uram/U0/xst_blk_mem_generator/gnativebmg.native_blk_mem_gen/valid.cstr/ram
loop[2].ram.r/v6_noinit.ram/cascadelata_tmp" is sourceless and has been removed.
The signal
"uvga/uram/U0/xst_blk_mem_generator/gnativebmg.native_blk_mem_gen/valid.cstr/ram
loop[2].ram.r/v6_noinit.ram/cascadelatb_tmp" is sourceless and has been removed.
The signal
"uvga/uram/U0/xst_blk_mem_generator/gnativebmg.native_blk_mem_gen/valid.cstr/ram
loop[1].ram.r/v6_noinit.ram/cascadelata_tmp" is sourceless and has been removed.
The signal
"uvga/uram/U0/xst_blk_mem_generator/gnativebmg.native_blk_mem_gen/valid.cstr/ram
loop[1].ram.r/v6_noinit.ram/cascadelatb_tmp" is sourceless and has been removed.
The signal
"uvga/uram/U0/xst_blk_mem_generator/gnativebmg.native_blk_mem_gen/valid.cstr/ram
loop[0].ram.r/v6_noinit.ram/cascadelata_tmp" is sourceless and has been removed.
The signal
"uvga/uram/U0/xst_blk_mem_generator/gnativebmg.native_blk_mem_gen/valid.cstr/ram
loop[0].ram.r/v6_noinit.ram/cascadelatb_tmp" is sourceless and has been removed.

The trimmed logic reported below is either:
   1. part of a cycle
   2. part of disabled logic
   3. a side-effect of other trimmed logic

The signal "umem/vga_write_data<4>" is unused and has been removed.
 Unused block "umem/vga_write_data_4" (FF) removed.
The signal "umem/vga_write_data<3>" is unused and has been removed.
 Unused block "umem/vga_write_data_3" (FF) removed.
The signal "umem/vga_write_data<2>" is unused and has been removed.
 Unused block "umem/vga_write_data_2" (FF) removed.
The signal "umem/vga_write_data<1>" is unused and has been removed.
 Unused block "umem/vga_write_data_1" (FF) removed.
The signal "umem/vga_write_data<0>" is unused and has been removed.
 Unused block "umem/vga_write_data_0" (FF) removed.
Unused block
"uvga/uram/U0/xst_blk_mem_generator/gnativebmg.native_blk_mem_gen/valid.cstr/ram
loop[0].ram.r/v6_noinit.ram/NO_BMM_INFO.SDP.CASCADED_PRIM36.ram_B" (RAMB36E1)
removed.
Unused block
"uvga/uram/U0/xst_blk_mem_generator/gnativebmg.native_blk_mem_gen/valid.cstr/ram
loop[0].ram.r/v6_noinit.ram/NO_BMM_INFO.SDP.CASCADED_PRIM36.ram_T" (RAMB36E1)
removed.
Unused block
"uvga/uram/U0/xst_blk_mem_generator/gnativebmg.native_blk_mem_gen/valid.cstr/ram
loop[10].ram.r/v6_noinit.ram/NO_BMM_INFO.SDP.CASCADED_PRIM36.ram_B" (RAMB36E1)
removed.
Unused block
"uvga/uram/U0/xst_blk_mem_generator/gnativebmg.native_blk_mem_gen/valid.cstr/ram
loop[10].ram.r/v6_noinit.ram/NO_BMM_INFO.SDP.CASCADED_PRIM36.ram_T" (RAMB36E1)
removed.
Unused block
"uvga/uram/U0/xst_blk_mem_generator/gnativebmg.native_blk_mem_gen/valid.cstr/ram
loop[11].ram.r/v6_noinit.ram/NO_BMM_INFO.SDP.CASCADED_PRIM36.ram_B" (RAMB36E1)
removed.
Unused block
"uvga/uram/U0/xst_blk_mem_generator/gnativebmg.native_blk_mem_gen/valid.cstr/ram
loop[11].ram.r/v6_noinit.ram/NO_BMM_INFO.SDP.CASCADED_PRIM36.ram_T" (RAMB36E1)
removed.
Unused block
"uvga/uram/U0/xst_blk_mem_generator/gnativebmg.native_blk_mem_gen/valid.cstr/ram
loop[12].ram.r/v6_noinit.ram/NO_BMM_INFO.SDP.CASCADED_PRIM36.ram_B" (RAMB36E1)
removed.
Unused block
"uvga/uram/U0/xst_blk_mem_generator/gnativebmg.native_blk_mem_gen/valid.cstr/ram
loop[12].ram.r/v6_noinit.ram/NO_BMM_INFO.SDP.CASCADED_PRIM36.ram_T" (RAMB36E1)
removed.
Unused block
"uvga/uram/U0/xst_blk_mem_generator/gnativebmg.native_blk_mem_gen/valid.cstr/ram
loop[13].ram.r/v6_noinit.ram/NO_BMM_INFO.SDP.CASCADED_PRIM36.ram_B" (RAMB36E1)
removed.
Unused block
"uvga/uram/U0/xst_blk_mem_generator/gnativebmg.native_blk_mem_gen/valid.cstr/ram
loop[13].ram.r/v6_noinit.ram/NO_BMM_INFO.SDP.CASCADED_PRIM36.ram_T" (RAMB36E1)
removed.
Unused block
"uvga/uram/U0/xst_blk_mem_generator/gnativebmg.native_blk_mem_gen/valid.cstr/ram
loop[14].ram.r/v6_noinit.ram/NO_BMM_INFO.SDP.CASCADED_PRIM36.ram_B" (RAMB36E1)
removed.
Unused block
"uvga/uram/U0/xst_blk_mem_generator/gnativebmg.native_blk_mem_gen/valid.cstr/ram
loop[14].ram.r/v6_noinit.ram/NO_BMM_INFO.SDP.CASCADED_PRIM36.ram_T" (RAMB36E1)
removed.
Unused block
"uvga/uram/U0/xst_blk_mem_generator/gnativebmg.native_blk_mem_gen/valid.cstr/ram
loop[15].ram.r/v6_noinit.ram/NO_BMM_INFO.SDP.CASCADED_PRIM36.ram_B" (RAMB36E1)
removed.
Unused block
"uvga/uram/U0/xst_blk_mem_generator/gnativebmg.native_blk_mem_gen/valid.cstr/ram
loop[15].ram.r/v6_noinit.ram/NO_BMM_INFO.SDP.CASCADED_PRIM36.ram_T" (RAMB36E1)
removed.
Unused block
"uvga/uram/U0/xst_blk_mem_generator/gnativebmg.native_blk_mem_gen/valid.cstr/ram
loop[16].ram.r/v6_noinit.ram/NO_BMM_INFO.SDP.CASCADED_PRIM36.ram_B" (RAMB36E1)
removed.
Unused block
"uvga/uram/U0/xst_blk_mem_generator/gnativebmg.native_blk_mem_gen/valid.cstr/ram
loop[16].ram.r/v6_noinit.ram/NO_BMM_INFO.SDP.CASCADED_PRIM36.ram_T" (RAMB36E1)
removed.
Unused block
"uvga/uram/U0/xst_blk_mem_generator/gnativebmg.native_blk_mem_gen/valid.cstr/ram
loop[17].ram.r/v6_noinit.ram/NO_BMM_INFO.SDP.CASCADED_PRIM36.ram_B" (RAMB36E1)
removed.
Unused block
"uvga/uram/U0/xst_blk_mem_generator/gnativebmg.native_blk_mem_gen/valid.cstr/ram
loop[17].ram.r/v6_noinit.ram/NO_BMM_INFO.SDP.CASCADED_PRIM36.ram_T" (RAMB36E1)
removed.
Unused block
"uvga/uram/U0/xst_blk_mem_generator/gnativebmg.native_blk_mem_gen/valid.cstr/ram
loop[18].ram.r/v6_noinit.ram/NO_BMM_INFO.SDP.CASCADED_PRIM36.ram_B" (RAMB36E1)
removed.
Unused block
"uvga/uram/U0/xst_blk_mem_generator/gnativebmg.native_blk_mem_gen/valid.cstr/ram
loop[18].ram.r/v6_noinit.ram/NO_BMM_INFO.SDP.CASCADED_PRIM36.ram_T" (RAMB36E1)
removed.
Unused block
"uvga/uram/U0/xst_blk_mem_generator/gnativebmg.native_blk_mem_gen/valid.cstr/ram
loop[19].ram.r/v6_noinit.ram/NO_BMM_INFO.SDP.CASCADED_PRIM36.ram_B" (RAMB36E1)
removed.
Unused block
"uvga/uram/U0/xst_blk_mem_generator/gnativebmg.native_blk_mem_gen/valid.cstr/ram
loop[19].ram.r/v6_noinit.ram/NO_BMM_INFO.SDP.CASCADED_PRIM36.ram_T" (RAMB36E1)
removed.
Unused block
"uvga/uram/U0/xst_blk_mem_generator/gnativebmg.native_blk_mem_gen/valid.cstr/ram
loop[1].ram.r/v6_noinit.ram/NO_BMM_INFO.SDP.CASCADED_PRIM36.ram_B" (RAMB36E1)
removed.
Unused block
"uvga/uram/U0/xst_blk_mem_generator/gnativebmg.native_blk_mem_gen/valid.cstr/ram
loop[1].ram.r/v6_noinit.ram/NO_BMM_INFO.SDP.CASCADED_PRIM36.ram_T" (RAMB36E1)
removed.
Unused block
"uvga/uram/U0/xst_blk_mem_generator/gnativebmg.native_blk_mem_gen/valid.cstr/ram
loop[2].ram.r/v6_noinit.ram/NO_BMM_INFO.SDP.CASCADED_PRIM36.ram_B" (RAMB36E1)
removed.
Unused block
"uvga/uram/U0/xst_blk_mem_generator/gnativebmg.native_blk_mem_gen/valid.cstr/ram
loop[2].ram.r/v6_noinit.ram/NO_BMM_INFO.SDP.CASCADED_PRIM36.ram_T" (RAMB36E1)
removed.
Unused block
"uvga/uram/U0/xst_blk_mem_generator/gnativebmg.native_blk_mem_gen/valid.cstr/ram
loop[3].ram.r/v6_noinit.ram/NO_BMM_INFO.SDP.CASCADED_PRIM36.ram_B" (RAMB36E1)
removed.
Unused block
"uvga/uram/U0/xst_blk_mem_generator/gnativebmg.native_blk_mem_gen/valid.cstr/ram
loop[3].ram.r/v6_noinit.ram/NO_BMM_INFO.SDP.CASCADED_PRIM36.ram_T" (RAMB36E1)
removed.
Unused block
"uvga/uram/U0/xst_blk_mem_generator/gnativebmg.native_blk_mem_gen/valid.cstr/ram
loop[4].ram.r/v6_noinit.ram/NO_BMM_INFO.SDP.CASCADED_PRIM36.ram_B" (RAMB36E1)
removed.
Unused block
"uvga/uram/U0/xst_blk_mem_generator/gnativebmg.native_blk_mem_gen/valid.cstr/ram
loop[4].ram.r/v6_noinit.ram/NO_BMM_INFO.SDP.CASCADED_PRIM36.ram_T" (RAMB36E1)
removed.
Unused block
"uvga/uram/U0/xst_blk_mem_generator/gnativebmg.native_blk_mem_gen/valid.cstr/ram
loop[5].ram.r/v6_noinit.ram/NO_BMM_INFO.SDP.CASCADED_PRIM36.ram_B" (RAMB36E1)
removed.
Unused block
"uvga/uram/U0/xst_blk_mem_generator/gnativebmg.native_blk_mem_gen/valid.cstr/ram
loop[5].ram.r/v6_noinit.ram/NO_BMM_INFO.SDP.CASCADED_PRIM36.ram_T" (RAMB36E1)
removed.
Unused block
"uvga/uram/U0/xst_blk_mem_generator/gnativebmg.native_blk_mem_gen/valid.cstr/ram
loop[6].ram.r/v6_noinit.ram/NO_BMM_INFO.SDP.CASCADED_PRIM36.ram_B" (RAMB36E1)
removed.
Unused block
"uvga/uram/U0/xst_blk_mem_generator/gnativebmg.native_blk_mem_gen/valid.cstr/ram
loop[6].ram.r/v6_noinit.ram/NO_BMM_INFO.SDP.CASCADED_PRIM36.ram_T" (RAMB36E1)
removed.
Unused block
"uvga/uram/U0/xst_blk_mem_generator/gnativebmg.native_blk_mem_gen/valid.cstr/ram
loop[7].ram.r/v6_noinit.ram/NO_BMM_INFO.SDP.CASCADED_PRIM36.ram_B" (RAMB36E1)
removed.
Unused block
"uvga/uram/U0/xst_blk_mem_generator/gnativebmg.native_blk_mem_gen/valid.cstr/ram
loop[7].ram.r/v6_noinit.ram/NO_BMM_INFO.SDP.CASCADED_PRIM36.ram_T" (RAMB36E1)
removed.
Unused block
"uvga/uram/U0/xst_blk_mem_generator/gnativebmg.native_blk_mem_gen/valid.cstr/ram
loop[8].ram.r/v6_noinit.ram/NO_BMM_INFO.SDP.CASCADED_PRIM36.ram_B" (RAMB36E1)
removed.
Unused block
"uvga/uram/U0/xst_blk_mem_generator/gnativebmg.native_blk_mem_gen/valid.cstr/ram
loop[8].ram.r/v6_noinit.ram/NO_BMM_INFO.SDP.CASCADED_PRIM36.ram_T" (RAMB36E1)
removed.
Unused block
"uvga/uram/U0/xst_blk_mem_generator/gnativebmg.native_blk_mem_gen/valid.cstr/ram
loop[9].ram.r/v6_noinit.ram/NO_BMM_INFO.SDP.CASCADED_PRIM36.ram_B" (RAMB36E1)
removed.
Unused block
"uvga/uram/U0/xst_blk_mem_generator/gnativebmg.native_blk_mem_gen/valid.cstr/ram
loop[9].ram.r/v6_noinit.ram/NO_BMM_INFO.SDP.CASCADED_PRIM36.ram_T" (RAMB36E1)
removed.

Optimized Block(s):
TYPE 		BLOCK
GND 		XST_GND
VCC 		XST_VCC
VCC 		ucpu/umult/umult/blk00000001/blk00000002
GND 		ucpu/umult/umult/blk00000001/blk00000003
GND 		uvga/uram/XST_GND
VCC 		uvga/uram/XST_VCC

To enable printing of redundant blocks removed and signals merged, set the
detailed map report option and rerun map.

Section 6 - IOB Properties
--------------------------

+---------------------------------------------------------------------------------------------------------------------------------------------------------+
| IOB Name                           | Type             | Direction | IO Standard          | Diff  | Drive    | Slew | Reg (s)      | Resistor | IOB      |
|                                    |                  |           |                      | Term  | Strength | Rate |              |          | Delay    |
+---------------------------------------------------------------------------------------------------------------------------------------------------------+
| boot_addr_sel                      | IOB33            | INPUT     | LVCMOS33             |       |          |      |              |          |          |
| clk_100M                           | IOB33            | INPUT     | LVCMOS33             |       |          |      |              |          |          |
| clk_50M_out                        | IOB33            | OUTPUT    | LVCMOS33             |       | 12       | SLOW |              |          |          |
| clk_cpu_out                        | IOB33            | OUTPUT    | LVCMOS33             |       | 12       | SLOW |              |          |          |
| com_RxD                            | IOB33            | INPUT     | LVCMOS33             |       |          |      |              |          |          |
| com_TxD                            | IOB33            | OUTPUT    | LVCMOS33             |       | 12       | SLOW |              |          |          |
| disp_sel<0>                        | IOB33            | INPUT     | LVCMOS33             |       |          |      |              |          |          |
| disp_sel<1>                        | IOB33            | INPUT     | LVCMOS33             |       |          |      |              |          |          |
| disp_sel<2>                        | IOB33            | INPUT     | LVCMOS33             |       |          |      |              |          |          |
| led_out<0>                         | IOB33            | OUTPUT    | LVCMOS33             |       | 12       | SLOW |              |          |          |
| led_out<1>                         | IOB33            | OUTPUT    | LVCMOS33             |       | 12       | SLOW |              |          |          |
| led_out<2>                         | IOB33            | OUTPUT    | LVCMOS33             |       | 12       | SLOW |              |          |          |
| led_out<3>                         | IOB33            | OUTPUT    | LVCMOS33             |       | 12       | SLOW |              |          |          |
| led_out<4>                         | IOB33            | OUTPUT    | LVCMOS33             |       | 12       | SLOW |              |          |          |
| led_out<5>                         | IOB33            | OUTPUT    | LVCMOS33             |       | 12       | SLOW |              |          |          |
| led_out<6>                         | IOB33            | OUTPUT    | LVCMOS33             |       | 12       | SLOW |              |          |          |
| led_out<7>                         | IOB33            | OUTPUT    | LVCMOS33             |       | 12       | SLOW |              |          |          |
| led_out<8>                         | IOB33            | OUTPUT    | LVCMOS33             |       | 12       | SLOW |              |          |          |
| led_out<9>                         | IOB33            | OUTPUT    | LVCMOS33             |       | 12       | SLOW |              |          |          |
| led_out<10>                        | IOB33            | OUTPUT    | LVCMOS33             |       | 12       | SLOW |              |          |          |
| led_out<11>                        | IOB33            | OUTPUT    | LVCMOS33             |       | 12       | SLOW |              |          |          |
| led_out<12>                        | IOB33            | OUTPUT    | LVCMOS33             |       | 12       | SLOW |              |          |          |
| led_out<13>                        | IOB33            | OUTPUT    | LVCMOS33             |       | 12       | SLOW |              |          |          |
| led_out<14>                        | IOB33            | OUTPUT    | LVCMOS33             |       | 12       | SLOW |              |          |          |
| led_out<15>                        | IOB33            | OUTPUT    | LVCMOS33             |       | 12       | SLOW |              |          |          |
| ps2_clk                            | IOB33            | BIDIR     | LVCMOS33             |       | 12       | SLOW |              | PULLUP   |          |
| ps2_data                           | IOB33            | BIDIR     | LVCMOS33             |       | 12       | SLOW |              | PULLUP   |          |
| psram_addr<0>                      | IOB33            | OUTPUT    | LVCMOS33             |       | 12       | SLOW |              |          |          |
| psram_addr<1>                      | IOB33            | OUTPUT    | LVCMOS33             |       | 12       | SLOW |              |          |          |
| psram_addr<2>                      | IOB33            | OUTPUT    | LVCMOS33             |       | 12       | SLOW |              |          |          |
| psram_addr<3>                      | IOB33            | OUTPUT    | LVCMOS33             |       | 12       | SLOW |              |          |          |
| psram_addr<4>                      | IOB33            | OUTPUT    | LVCMOS33             |       | 12       | SLOW |              |          |          |
| psram_addr<5>                      | IOB33            | OUTPUT    | LVCMOS33             |       | 12       | SLOW |              |          |          |
| psram_addr<6>                      | IOB33            | OUTPUT    | LVCMOS33             |       | 12       | SLOW |              |          |          |
| psram_addr<7>                      | IOB33            | OUTPUT    | LVCMOS33             |       | 12       | SLOW |              |          |          |
| psram_addr<8>                      | IOB33            | OUTPUT    | LVCMOS33             |       | 12       | SLOW |              |          |          |
| psram_addr<9>                      | IOB33            | OUTPUT    | LVCMOS33             |       | 12       | SLOW |              |          |          |
| psram_addr<10>                     | IOB33            | OUTPUT    | LVCMOS33             |       | 12       | SLOW |              |          |          |
| psram_addr<11>                     | IOB33            | OUTPUT    | LVCMOS33             |       | 12       | SLOW |              |          |          |
| psram_addr<12>                     | IOB33            | OUTPUT    | LVCMOS33             |       | 12       | SLOW |              |          |          |
| psram_addr<13>                     | IOB33            | OUTPUT    | LVCMOS33             |       | 12       | SLOW |              |          |          |
| psram_addr<14>                     | IOB33            | OUTPUT    | LVCMOS33             |       | 12       | SLOW |              |          |          |
| psram_addr<15>                     | IOB33            | OUTPUT    | LVCMOS33             |       | 12       | SLOW |              |          |          |
| psram_addr<16>                     | IOB33            | OUTPUT    | LVCMOS33             |       | 12       | SLOW |              |          |          |
| psram_addr<17>                     | IOB33            | OUTPUT    | LVCMOS33             |       | 12       | SLOW |              |          |          |
| psram_addr<18>                     | IOB33            | OUTPUT    | LVCMOS33             |       | 12       | SLOW |              |          |          |
| psram_addr<19>                     | IOB33            | OUTPUT    | LVCMOS33             |       | 12       | SLOW |              |          |          |
| psram_addr<20>                     | IOB33            | OUTPUT    | LVCMOS33             |       | 12       | SLOW |              |          |          |
| psram_addr<21>                     | IOB33            | OUTPUT    | LVCMOS33             |       | 12       | SLOW |              |          |          |
| psram_addr<22>                     | IOB33            | OUTPUT    | LVCMOS33             |       | 12       | SLOW |              |          |          |
| psram_adv                          | IOB33            | OUTPUT    | LVCMOS33             |       | 12       | SLOW |              |          |          |
| psram_ce                           | IOB33            | OUTPUT    | LVCMOS33             |       | 12       | SLOW |              |          |          |
| psram_clk                          | IOB33            | OUTPUT    | LVCMOS33             |       | 12       | SLOW |              |          |          |
| psram_cre                          | IOB33            | OUTPUT    | LVCMOS33             |       | 12       | SLOW |              |          |          |
| psram_data<0>                      | IOB33            | BIDIR     | LVCMOS33             |       | 12       | SLOW |              |          |          |
| psram_data<1>                      | IOB33            | BIDIR     | LVCMOS33             |       | 12       | SLOW |              |          |          |
| psram_data<2>                      | IOB33            | BIDIR     | LVCMOS33             |       | 12       | SLOW |              |          |          |
| psram_data<3>                      | IOB33            | BIDIR     | LVCMOS33             |       | 12       | SLOW |              |          |          |
| psram_data<4>                      | IOB33            | BIDIR     | LVCMOS33             |       | 12       | SLOW |              |          |          |
| psram_data<5>                      | IOB33            | BIDIR     | LVCMOS33             |       | 12       | SLOW |              |          |          |
| psram_data<6>                      | IOB33            | BIDIR     | LVCMOS33             |       | 12       | SLOW |              |          |          |
| psram_data<7>                      | IOB33            | BIDIR     | LVCMOS33             |       | 12       | SLOW |              |          |          |
| psram_data<8>                      | IOB33            | BIDIR     | LVCMOS33             |       | 12       | SLOW |              |          |          |
| psram_data<9>                      | IOB33            | BIDIR     | LVCMOS33             |       | 12       | SLOW |              |          |          |
| psram_data<10>                     | IOB33            | BIDIR     | LVCMOS33             |       | 12       | SLOW |              |          |          |
| psram_data<11>                     | IOB33            | BIDIR     | LVCMOS33             |       | 12       | SLOW |              |          |          |
| psram_data<12>                     | IOB33            | BIDIR     | LVCMOS33             |       | 12       | SLOW |              |          |          |
| psram_data<13>                     | IOB33            | BIDIR     | LVCMOS33             |       | 12       | SLOW |              |          |          |
| psram_data<14>                     | IOB33            | BIDIR     | LVCMOS33             |       | 12       | SLOW |              |          |          |
| psram_data<15>                     | IOB33            | BIDIR     | LVCMOS33             |       | 12       | SLOW |              |          |          |
| psram_lb                           | IOB33            | OUTPUT    | LVCMOS33             |       | 12       | SLOW |              |          |          |
| psram_oe                           | IOB33            | OUTPUT    | LVCMOS33             |       | 12       | SLOW |              |          |          |
| psram_ub                           | IOB33            | OUTPUT    | LVCMOS33             |       | 12       | SLOW |              |          |          |
| psram_we                           | IOB33            | OUTPUT    | LVCMOS33             |       | 12       | SLOW |              |          |          |
| rom_selector                       | IOB33            | INPUT     | LVCMOS33             |       |          |      |              |          |          |
| rst                                | IOB33            | INPUT     | LVCMOS33             |       |          |      |              |          |          |
| rst_counter                        | IOB33            | INPUT     | LVCMOS33             |       |          |      |              |          |          |
| segdisp_data<0>                    | IOB33            | OUTPUT    | LVCMOS33             |       | 12       | SLOW |              |          |          |
| segdisp_data<1>                    | IOB33            | OUTPUT    | LVCMOS33             |       | 12       | SLOW |              |          |          |
| segdisp_data<2>                    | IOB33            | OUTPUT    | LVCMOS33             |       | 12       | SLOW |              |          |          |
| segdisp_data<3>                    | IOB33            | OUTPUT    | LVCMOS33             |       | 12       | SLOW |              |          |          |
| segdisp_data<4>                    | IOB33            | OUTPUT    | LVCMOS33             |       | 12       | SLOW |              |          |          |
| segdisp_data<5>                    | IOB33            | OUTPUT    | LVCMOS33             |       | 12       | SLOW |              |          |          |
| segdisp_data<6>                    | IOB33            | OUTPUT    | LVCMOS33             |       | 12       | SLOW |              |          |          |
| segdisp_data<7>                    | IOB33            | OUTPUT    | LVCMOS33             |       | 12       | SLOW |              |          |          |
| segdisp_sel_n<0>                   | IOB33            | OUTPUT    | LVCMOS33             |       | 12       | SLOW |              |          |          |
| segdisp_sel_n<1>                   | IOB33            | OUTPUT    | LVCMOS33             |       | 12       | SLOW |              |          |          |
| segdisp_sel_n<2>                   | IOB33            | OUTPUT    | LVCMOS33             |       | 12       | SLOW |              |          |          |
| segdisp_sel_n<3>                   | IOB33            | OUTPUT    | LVCMOS33             |       | 12       | SLOW |              |          |          |
| segdisp_sel_n<4>                   | IOB33            | OUTPUT    | LVCMOS33             |       | 12       | SLOW |              |          |          |
| segdisp_sel_n<5>                   | IOB33            | OUTPUT    | LVCMOS33             |       | 12       | SLOW |              |          |          |
| segdisp_sel_n<6>                   | IOB33            | OUTPUT    | LVCMOS33             |       | 12       | SLOW |              |          |          |
| segdisp_sel_n<7>                   | IOB33            | OUTPUT    | LVCMOS33             |       | 12       | SLOW |              |          |          |
| vga_color_out<0>                   | IOB33            | OUTPUT    | LVCMOS33             |       | 12       | FAST |              |          |          |
| vga_color_out<1>                   | IOB33            | OUTPUT    | LVCMOS33             |       | 12       | FAST |              |          |          |
| vga_color_out<2>                   | IOB33            | OUTPUT    | LVCMOS33             |       | 12       | FAST |              |          |          |
| vga_color_out<3>                   | IOB33            | OUTPUT    | LVCMOS33             |       | 12       | FAST |              |          |          |
| vga_color_out<4>                   | IOB33            | OUTPUT    | LVCMOS33             |       | 12       | FAST |              |          |          |
| vga_color_out<5>                   | IOB33            | OUTPUT    | LVCMOS33             |       | 12       | FAST |              |          |          |
| vga_color_out<6>                   | IOB33            | OUTPUT    | LVCMOS33             |       | 12       | FAST |              |          |          |
| vga_color_out<7>                   | IOB33            | OUTPUT    | LVCMOS33             |       | 12       | FAST |              |          |          |
| vga_color_out<8>                   | IOB33            | OUTPUT    | LVCMOS33             |       | 12       | FAST |              |          |          |
| vga_color_out<9>                   | IOB33            | OUTPUT    | LVCMOS33             |       | 12       | FAST |              |          |          |
| vga_color_out<10>                  | IOB33            | OUTPUT    | LVCMOS33             |       | 12       | FAST |              |          |          |
| vga_color_out<11>                  | IOB33            | OUTPUT    | LVCMOS33             |       | 12       | FAST |              |          |          |
| vga_hsync                          | IOB33            | OUTPUT    | LVCMOS33             |       | 12       | FAST |              |          |          |
| vga_vsync                          | IOB33            | OUTPUT    | LVCMOS33             |       | 12       | FAST |              |          |          |
+---------------------------------------------------------------------------------------------------------------------------------------------------------+

Section 7 - RPMs
----------------

Section 8 - Guide Report
------------------------
Guide not run on this design.

Section 9 - Area Group and Partition Summary
--------------------------------------------

Partition Implementation Status
-------------------------------

  No Partitions were found in this design.

-------------------------------

Area Group Information
----------------------

  No area groups were found in this design.

----------------------

Section 10 - Timing Report
--------------------------
A logic-level (pre-route) timing report can be generated by using Xilinx static
timing analysis tools, Timing Analyzer (GUI) or TRCE (command line), with the
mapped NCD and PCF files. Please note that this timing report will be generated
using estimated delay information. For accurate numbers, please generate a
timing report with the post Place and Route NCD file.

For more information about the Timing Analyzer, consult the Xilinx Timing
Analyzer Reference Manual; for more information about TRCE, consult the Xilinx
Command Line Tools User Guide "TRACE" chapter.

Section 11 - Configuration String Details
-----------------------------------------
Use the "-detail" map option to print out Configuration Strings

Section 12 - Control Set Information
------------------------------------
Use the "-detail" map option to print out Control Set Information.

Section 13 - Utilization by Hierarchy
-------------------------------------
Use the "-detail" map option to print out the Utilization by Hierarchy section.
