In file included from /home/hust/git/Oslab/ucore/ucore/src/kern-ucore/arch/mips/sync/sync.h:9:0,
                 from sched.c:2:
/home/hust/git/Oslab/ucore/ucore/src/kern-ucore/arch/mips/glue-ucore/atomic.h: In function 'test_and_change_bit':
/home/hust/git/Oslab/ucore/ucore/src/kern-ucore/arch/mips/glue-ucore/atomic.h:265:16: warning: variable 'c' set but not used [-Wunused-but-set-variable]
In file included from sched.c:2:0:
/home/hust/git/Oslab/ucore/ucore/src/kern-ucore/arch/mips/sync/sync.h: In function 'try_lock':
/home/hust/git/Oslab/ucore/ucore/src/kern-ucore/arch/mips/sync/sync.h:21:2: warning: pointer targets in passing argument 2 of 'test_and_set_bit' differ in signedness [-Wpointer-sign]
/home/hust/git/Oslab/ucore/ucore/src/kern-ucore/arch/mips/glue-ucore/atomic.h:226:29: note: expected 'volatile unsigned int *' but argument is of type 'volatile int *'
/home/hust/git/Oslab/ucore/ucore/src/kern-ucore/arch/mips/sync/sync.h: In function 'unlock':
/home/hust/git/Oslab/ucore/ucore/src/kern-ucore/arch/mips/sync/sync.h:33:2: warning: pointer targets in passing argument 2 of 'test_and_clear_bit' differ in signedness [-Wpointer-sign]
/home/hust/git/Oslab/ucore/ucore/src/kern-ucore/arch/mips/glue-ucore/atomic.h:244:29: note: expected 'volatile unsigned int *' but argument is of type 'volatile int *'
sched.c: In function 'try_to_wakeup':
sched.c:184:3: warning: implicit declaration of function 'next_thread' [-Wimplicit-function-declaration]
sched.c:184:16: warning: assignment makes pointer from integer without a cast [enabled by default]
sched.c: In function 'run_timer_list':
sched.c:363:6: warning: implicit declaration of function 'kfree' [-Wimplicit-function-declaration]
In file included from /home/hust/git/Oslab/ucore/ucore/src/kern-ucore/../glue-kern/arch/mips/glue_memlayout.h:38:0,
                 from /home/hust/git/Oslab/ucore/ucore/src/kern-ucore/arch/mips/mm/memlayout.h:4,
                 from /home/hust/git/Oslab/ucore/ucore/src/kern-ucore/process/proc.h:7,
                 from sched_MLFQ.c:3:
/home/hust/git/Oslab/ucore/ucore/src/kern-ucore/arch/mips/glue-ucore/atomic.h: In function 'test_and_change_bit':
/home/hust/git/Oslab/ucore/ucore/src/kern-ucore/arch/mips/glue-ucore/atomic.h:265:16: warning: variable 'c' set but not used [-Wunused-but-set-variable]
In file included from /home/hust/git/Oslab/ucore/ucore/src/kern-ucore/../glue-kern/arch/mips/glue_memlayout.h:39:0,
                 from /home/hust/git/Oslab/ucore/ucore/src/kern-ucore/arch/mips/mm/memlayout.h:4,
                 from /home/hust/git/Oslab/ucore/ucore/src/kern-ucore/process/proc.h:7,
                 from sched_MLFQ.c:3:
/home/hust/git/Oslab/ucore/ucore/src/kern-ucore/arch/mips/sync/sync.h: In function 'try_lock':
/home/hust/git/Oslab/ucore/ucore/src/kern-ucore/arch/mips/sync/sync.h:21:2: warning: pointer targets in passing argument 2 of 'test_and_set_bit' differ in signedness [-Wpointer-sign]
/home/hust/git/Oslab/ucore/ucore/src/kern-ucore/arch/mips/glue-ucore/atomic.h:226:29: note: expected 'volatile unsigned int *' but argument is of type 'volatile int *'
/home/hust/git/Oslab/ucore/ucore/src/kern-ucore/arch/mips/sync/sync.h: In function 'unlock':
/home/hust/git/Oslab/ucore/ucore/src/kern-ucore/arch/mips/sync/sync.h:33:2: warning: pointer targets in passing argument 2 of 'test_and_clear_bit' differ in signedness [-Wpointer-sign]
/home/hust/git/Oslab/ucore/ucore/src/kern-ucore/arch/mips/glue-ucore/atomic.h:244:29: note: expected 'volatile unsigned int *' but argument is of type 'volatile int *'
In file included from /home/hust/git/Oslab/ucore/ucore/src/kern-ucore/../glue-kern/arch/mips/glue_memlayout.h:38:0,
                 from /home/hust/git/Oslab/ucore/ucore/src/kern-ucore/arch/mips/mm/memlayout.h:4,
                 from /home/hust/git/Oslab/ucore/ucore/src/kern-ucore/process/proc.h:7,
                 from sched_RR.c:3:
/home/hust/git/Oslab/ucore/ucore/src/kern-ucore/arch/mips/glue-ucore/atomic.h: In function 'test_and_change_bit':
/home/hust/git/Oslab/ucore/ucore/src/kern-ucore/arch/mips/glue-ucore/atomic.h:265:16: warning: variable 'c' set but not used [-Wunused-but-set-variable]
In file included from /home/hust/git/Oslab/ucore/ucore/src/kern-ucore/../glue-kern/arch/mips/glue_memlayout.h:39:0,
                 from /home/hust/git/Oslab/ucore/ucore/src/kern-ucore/arch/mips/mm/memlayout.h:4,
                 from /home/hust/git/Oslab/ucore/ucore/src/kern-ucore/process/proc.h:7,
                 from sched_RR.c:3:
/home/hust/git/Oslab/ucore/ucore/src/kern-ucore/arch/mips/sync/sync.h: In function 'try_lock':
/home/hust/git/Oslab/ucore/ucore/src/kern-ucore/arch/mips/sync/sync.h:21:2: warning: pointer targets in passing argument 2 of 'test_and_set_bit' differ in signedness [-Wpointer-sign]
/home/hust/git/Oslab/ucore/ucore/src/kern-ucore/arch/mips/glue-ucore/atomic.h:226:29: note: expected 'volatile unsigned int *' but argument is of type 'volatile int *'
/home/hust/git/Oslab/ucore/ucore/src/kern-ucore/arch/mips/sync/sync.h: In function 'unlock':
/home/hust/git/Oslab/ucore/ucore/src/kern-ucore/arch/mips/sync/sync.h:33:2: warning: pointer targets in passing argument 2 of 'test_and_clear_bit' differ in signedness [-Wpointer-sign]
/home/hust/git/Oslab/ucore/ucore/src/kern-ucore/arch/mips/glue-ucore/atomic.h:244:29: note: expected 'volatile unsigned int *' but argument is of type 'volatile int *'
In file included from /home/hust/git/Oslab/ucore/ucore/src/kern-ucore/../glue-kern/arch/mips/glue_memlayout.h:38:0,
                 from /home/hust/git/Oslab/ucore/ucore/src/kern-ucore/arch/mips/mm/memlayout.h:4,
                 from /home/hust/git/Oslab/ucore/ucore/src/kern-ucore/mm/vmm.h:7,
                 from gettimeofday.c:2:
/home/hust/git/Oslab/ucore/ucore/src/kern-ucore/arch/mips/glue-ucore/atomic.h: In function 'test_and_change_bit':
/home/hust/git/Oslab/ucore/ucore/src/kern-ucore/arch/mips/glue-ucore/atomic.h:265:16: warning: variable 'c' set but not used [-Wunused-but-set-variable]
In file included from /home/hust/git/Oslab/ucore/ucore/src/kern-ucore/../glue-kern/arch/mips/glue_memlayout.h:39:0,
                 from /home/hust/git/Oslab/ucore/ucore/src/kern-ucore/arch/mips/mm/memlayout.h:4,
                 from /home/hust/git/Oslab/ucore/ucore/src/kern-ucore/mm/vmm.h:7,
                 from gettimeofday.c:2:
/home/hust/git/Oslab/ucore/ucore/src/kern-ucore/arch/mips/sync/sync.h: In function 'try_lock':
/home/hust/git/Oslab/ucore/ucore/src/kern-ucore/arch/mips/sync/sync.h:21:2: warning: pointer targets in passing argument 2 of 'test_and_set_bit' differ in signedness [-Wpointer-sign]
/home/hust/git/Oslab/ucore/ucore/src/kern-ucore/arch/mips/glue-ucore/atomic.h:226:29: note: expected 'volatile unsigned int *' but argument is of type 'volatile int *'
/home/hust/git/Oslab/ucore/ucore/src/kern-ucore/arch/mips/sync/sync.h: In function 'unlock':
/home/hust/git/Oslab/ucore/ucore/src/kern-ucore/arch/mips/sync/sync.h:33:2: warning: pointer targets in passing argument 2 of 'test_and_clear_bit' differ in signedness [-Wpointer-sign]
/home/hust/git/Oslab/ucore/ucore/src/kern-ucore/arch/mips/glue-ucore/atomic.h:244:29: note: expected 'volatile unsigned int *' but argument is of type 'volatile int *'
In file included from /home/hust/git/Oslab/ucore/ucore/src/kern-ucore/sync/sem.h:5:0,
                 from /home/hust/git/Oslab/ucore/ucore/src/kern-ucore/fs/fs.h:6,
                 from /home/hust/git/Oslab/ucore/ucore/src/kern-ucore/fs/vfs/vfs.h:5,
                 from file.c:4:
/home/hust/git/Oslab/ucore/ucore/src/kern-ucore/arch/mips/glue-ucore/atomic.h: In function 'test_and_change_bit':
/home/hust/git/Oslab/ucore/ucore/src/kern-ucore/arch/mips/glue-ucore/atomic.h:265:16: warning: variable 'c' set but not used [-Wunused-but-set-variable]
In file included from /home/hust/git/Oslab/ucore/ucore/src/kern-ucore/../glue-kern/arch/mips/glue_memlayout.h:39:0,
                 from /home/hust/git/Oslab/ucore/ucore/src/kern-ucore/arch/mips/mm/memlayout.h:4,
                 from /home/hust/git/Oslab/ucore/ucore/src/kern-ucore/process/proc.h:7,
                 from file.c:5:
/home/hust/git/Oslab/ucore/ucore/src/kern-ucore/arch/mips/sync/sync.h: In function 'try_lock':
/home/hust/git/Oslab/ucore/ucore/src/kern-ucore/arch/mips/sync/sync.h:21:2: warning: pointer targets in passing argument 2 of 'test_and_set_bit' differ in signedness [-Wpointer-sign]
/home/hust/git/Oslab/ucore/ucore/src/kern-ucore/arch/mips/glue-ucore/atomic.h:226:29: note: expected 'volatile unsigned int *' but argument is of type 'volatile int *'
/home/hust/git/Oslab/ucore/ucore/src/kern-ucore/arch/mips/sync/sync.h: In function 'unlock':
/home/hust/git/Oslab/ucore/ucore/src/kern-ucore/arch/mips/sync/sync.h:33:2: warning: pointer targets in passing argument 2 of 'test_and_clear_bit' differ in signedness [-Wpointer-sign]
/home/hust/git/Oslab/ucore/ucore/src/kern-ucore/arch/mips/glue-ucore/atomic.h:244:29: note: expected 'volatile unsigned int *' but argument is of type 'volatile int *'
In file included from /home/hust/git/Oslab/ucore/ucore/src/kern-ucore/sync/sem.h:5:0,
                 from fs.c:3:
/home/hust/git/Oslab/ucore/ucore/src/kern-ucore/arch/mips/glue-ucore/atomic.h: In function 'test_and_change_bit':
/home/hust/git/Oslab/ucore/ucore/src/kern-ucore/arch/mips/glue-ucore/atomic.h:265:16: warning: variable 'c' set but not used [-Wunused-but-set-variable]
In file included from /home/hust/git/Oslab/ucore/ucore/src/kern-ucore/../glue-kern/arch/mips/glue_memlayout.h:39:0,
                 from /home/hust/git/Oslab/ucore/ucore/src/kern-ucore/arch/mips/mm/memlayout.h:4,
                 from /home/hust/git/Oslab/ucore/ucore/src/kern-ucore/process/proc.h:7,
                 from /home/hust/git/Oslab/ucore/ucore/src/kern-ucore/fs/file.h:6,
                 from fs.c:6:
/home/hust/git/Oslab/ucore/ucore/src/kern-ucore/arch/mips/sync/sync.h: In function 'try_lock':
/home/hust/git/Oslab/ucore/ucore/src/kern-ucore/arch/mips/sync/sync.h:21:2: warning: pointer targets in passing argument 2 of 'test_and_set_bit' differ in signedness [-Wpointer-sign]
/home/hust/git/Oslab/ucore/ucore/src/kern-ucore/arch/mips/glue-ucore/atomic.h:226:29: note: expected 'volatile unsigned int *' but argument is of type 'volatile int *'
/home/hust/git/Oslab/ucore/ucore/src/kern-ucore/arch/mips/sync/sync.h: In function 'unlock':
/home/hust/git/Oslab/ucore/ucore/src/kern-ucore/arch/mips/sync/sync.h:33:2: warning: pointer targets in passing argument 2 of 'test_and_clear_bit' differ in signedness [-Wpointer-sign]
/home/hust/git/Oslab/ucore/ucore/src/kern-ucore/arch/mips/glue-ucore/atomic.h:244:29: note: expected 'volatile unsigned int *' but argument is of type 'volatile int *'
fs.c: In function 'dup_fs':
fs.c:99:4: warning: implicit declaration of function 'filemap_dup_close' [-Wimplicit-function-declaration]
In file included from /home/hust/git/Oslab/ucore/ucore/src/kern-ucore/../glue-kern/arch/mips/glue_memlayout.h:38:0,
                 from /home/hust/git/Oslab/ucore/ucore/src/kern-ucore/arch/mips/mm/memlayout.h:4,
                 from /home/hust/git/Oslab/ucore/ucore/src/kern-ucore/mm/vmm.h:7,
                 from sysfile.c:4:
/home/hust/git/Oslab/ucore/ucore/src/kern-ucore/arch/mips/glue-ucore/atomic.h: In function 'test_and_change_bit':
/home/hust/git/Oslab/ucore/ucore/src/kern-ucore/arch/mips/glue-ucore/atomic.h:265:16: warning: variable 'c' set but not used [-Wunused-but-set-variable]
In file included from /home/hust/git/Oslab/ucore/ucore/src/kern-ucore/../glue-kern/arch/mips/glue_memlayout.h:39:0,
                 from /home/hust/git/Oslab/ucore/ucore/src/kern-ucore/arch/mips/mm/memlayout.h:4,
                 from /home/hust/git/Oslab/ucore/ucore/src/kern-ucore/mm/vmm.h:7,
                 from sysfile.c:4:
/home/hust/git/Oslab/ucore/ucore/src/kern-ucore/arch/mips/sync/sync.h: In function 'try_lock':
/home/hust/git/Oslab/ucore/ucore/src/kern-ucore/arch/mips/sync/sync.h:21:2: warning: pointer targets in passing argument 2 of 'test_and_set_bit' differ in signedness [-Wpointer-sign]
/home/hust/git/Oslab/ucore/ucore/src/kern-ucore/arch/mips/glue-ucore/atomic.h:226:29: note: expected 'volatile unsigned int *' but argument is of type 'volatile int *'
/home/hust/git/Oslab/ucore/ucore/src/kern-ucore/arch/mips/sync/sync.h: In function 'unlock':
/home/hust/git/Oslab/ucore/ucore/src/kern-ucore/arch/mips/sync/sync.h:33:2: warning: pointer targets in passing argument 2 of 'test_and_clear_bit' differ in signedness [-Wpointer-sign]
/home/hust/git/Oslab/ucore/ucore/src/kern-ucore/arch/mips/glue-ucore/atomic.h:244:29: note: expected 'volatile unsigned int *' but argument is of type 'volatile int *'
sysfile.c: In function 'sysfile_read':
sysfile.c:67:2: warning: implicit declaration of function '__is_linux_devfile' [-Wimplicit-function-declaration]
sysfile.c: In function 'sysfile_writev':
sysfile.c:172:16: warning: unused variable 'tv' [-Wunused-variable]
In file included from /home/hust/git/Oslab/ucore/ucore/src/kern-ucore/sync/sem.h:5:0,
                 from /home/hust/git/Oslab/ucore/ucore/src/kern-ucore/fs/pipe/pipe.h:6,
                 from /home/hust/git/Oslab/ucore/ucore/src/kern-ucore/fs/vfs/inode.h:6,
                 from dev.c:5:
/home/hust/git/Oslab/ucore/ucore/src/kern-ucore/arch/mips/glue-ucore/atomic.h: In function 'test_and_change_bit':
/home/hust/git/Oslab/ucore/ucore/src/kern-ucore/arch/mips/glue-ucore/atomic.h:265:16: warning: variable 'c' set but not used [-Wunused-but-set-variable]
In file included from /home/hust/git/Oslab/ucore/ucore/src/kern-ucore/sync/sem.h:5:0,
                 from dev_disk0.c:4:
/home/hust/git/Oslab/ucore/ucore/src/kern-ucore/arch/mips/glue-ucore/atomic.h: In function 'test_and_change_bit':
/home/hust/git/Oslab/ucore/ucore/src/kern-ucore/arch/mips/glue-ucore/atomic.h:265:16: warning: variable 'c' set but not used [-Wunused-but-set-variable]
dev_disk0.c: In function 'disk0_device_init':
dev_disk0.c:119:2: warning: implicit declaration of function 'memset' [-Wimplicit-function-declaration]
In file included from /home/hust/git/Oslab/ucore/ucore/src/kern-ucore/sync/sem.h:5:0,
                 from /home/hust/git/Oslab/ucore/ucore/src/kern-ucore/fs/fs.h:6,
                 from /home/hust/git/Oslab/ucore/ucore/src/kern-ucore/fs/vfs/vfs.h:5,
                 from dev_disk1.c:31:
/home/hust/git/Oslab/ucore/ucore/src/kern-ucore/arch/mips/glue-ucore/atomic.h: In function 'test_and_change_bit':
/home/hust/git/Oslab/ucore/ucore/src/kern-ucore/arch/mips/glue-ucore/atomic.h:265:16: warning: variable 'c' set but not used [-Wunused-but-set-variable]
dev_disk1.c: In function 'disk1_device_init':
dev_disk1.c:63:2: warning: implicit declaration of function 'memset' [-Wimplicit-function-declaration]
In file included from /home/hust/git/Oslab/ucore/ucore/src/kern-ucore/sync/sem.h:5:0,
                 from /home/hust/git/Oslab/ucore/ucore/src/kern-ucore/fs/fs.h:6,
                 from /home/hust/git/Oslab/ucore/ucore/src/kern-ucore/fs/vfs/vfs.h:5,
                 from dev_null.c:7:
/home/hust/git/Oslab/ucore/ucore/src/kern-ucore/arch/mips/glue-ucore/atomic.h: In function 'test_and_change_bit':
/home/hust/git/Oslab/ucore/ucore/src/kern-ucore/arch/mips/glue-ucore/atomic.h:265:16: warning: variable 'c' set but not used [-Wunused-but-set-variable]
dev_null.c: In function 'null_device_init':
dev_null.c:46:2: warning: implicit declaration of function 'memset' [-Wimplicit-function-declaration]
In file included from /home/hust/git/Oslab/ucore/ucore/src/kern-ucore/arch/mips/sync/sync.h:9:0,
                 from dev_stdin.c:4:
/home/hust/git/Oslab/ucore/ucore/src/kern-ucore/arch/mips/glue-ucore/atomic.h: In function 'test_and_change_bit':
/home/hust/git/Oslab/ucore/ucore/src/kern-ucore/arch/mips/glue-ucore/atomic.h:265:16: warning: variable 'c' set but not used [-Wunused-but-set-variable]
In file included from dev_stdin.c:4:0:
/home/hust/git/Oslab/ucore/ucore/src/kern-ucore/arch/mips/sync/sync.h: In function 'try_lock':
/home/hust/git/Oslab/ucore/ucore/src/kern-ucore/arch/mips/sync/sync.h:21:2: warning: pointer targets in passing argument 2 of 'test_and_set_bit' differ in signedness [-Wpointer-sign]
/home/hust/git/Oslab/ucore/ucore/src/kern-ucore/arch/mips/glue-ucore/atomic.h:226:29: note: expected 'volatile unsigned int *' but argument is of type 'volatile int *'
/home/hust/git/Oslab/ucore/ucore/src/kern-ucore/arch/mips/sync/sync.h: In function 'unlock':
/home/hust/git/Oslab/ucore/ucore/src/kern-ucore/arch/mips/sync/sync.h:33:2: warning: pointer targets in passing argument 2 of 'test_and_clear_bit' differ in signedness [-Wpointer-sign]
/home/hust/git/Oslab/ucore/ucore/src/kern-ucore/arch/mips/glue-ucore/atomic.h:244:29: note: expected 'volatile unsigned int *' but argument is of type 'volatile int *'
dev_stdin.c: In function 'stdin_device_init':
dev_stdin.c:111:2: warning: implicit declaration of function 'memset' [-Wimplicit-function-declaration]
In file included from /home/hust/git/Oslab/ucore/ucore/src/kern-ucore/sync/sem.h:5:0,
                 from /home/hust/git/Oslab/ucore/ucore/src/kern-ucore/fs/fs.h:6,
                 from /home/hust/git/Oslab/ucore/ucore/src/kern-ucore/fs/vfs/vfs.h:5,
                 from dev_stdout.c:4:
/home/hust/git/Oslab/ucore/ucore/src/kern-ucore/arch/mips/glue-ucore/atomic.h: In function 'test_and_change_bit':
/home/hust/git/Oslab/ucore/ucore/src/kern-ucore/arch/mips/glue-ucore/atomic.h:265:16: warning: variable 'c' set but not used [-Wunused-but-set-variable]
dev_stdout.c: In function 'stdout_device_init':
dev_stdout.c:44:2: warning: implicit declaration of function 'memset' [-Wimplicit-function-declaration]
In file included from /home/hust/git/Oslab/ucore/ucore/src/kern-ucore/sync/sem.h:5:0,
                 from pipe.c:4:
/home/hust/git/Oslab/ucore/ucore/src/kern-ucore/arch/mips/glue-ucore/atomic.h: In function 'test_and_change_bit':
/home/hust/git/Oslab/ucore/ucore/src/kern-ucore/arch/mips/glue-ucore/atomic.h:265:16: warning: variable 'c' set but not used [-Wunused-but-set-variable]
In file included from /home/hust/git/Oslab/ucore/ucore/src/kern-ucore/sync/sem.h:5:0,
                 from /home/hust/git/Oslab/ucore/ucore/src/kern-ucore/fs/fs.h:6,
                 from /home/hust/git/Oslab/ucore/ucore/src/kern-ucore/fs/vfs/vfs.h:5,
                 from pipe_inode.c:4:
/home/hust/git/Oslab/ucore/ucore/src/kern-ucore/arch/mips/glue-ucore/atomic.h: In function 'test_and_change_bit':
/home/hust/git/Oslab/ucore/ucore/src/kern-ucore/arch/mips/glue-ucore/atomic.h:265:16: warning: variable 'c' set but not used [-Wunused-but-set-variable]
In file included from /home/hust/git/Oslab/ucore/ucore/src/kern-ucore/sync/sem.h:5:0,
                 from /home/hust/git/Oslab/ucore/ucore/src/kern-ucore/fs/fs.h:6,
                 from /home/hust/git/Oslab/ucore/ucore/src/kern-ucore/fs/vfs/vfs.h:5,
                 from pipe_root.c:3:
/home/hust/git/Oslab/ucore/ucore/src/kern-ucore/arch/mips/glue-ucore/atomic.h: In function 'test_and_change_bit':
/home/hust/git/Oslab/ucore/ucore/src/kern-ucore/arch/mips/glue-ucore/atomic.h:265:16: warning: variable 'c' set but not used [-Wunused-but-set-variable]
In file included from /home/hust/git/Oslab/ucore/ucore/src/kern-ucore/arch/mips/sync/sync.h:9:0,
                 from pipe_state.c:5:
/home/hust/git/Oslab/ucore/ucore/src/kern-ucore/arch/mips/glue-ucore/atomic.h: In function 'test_and_change_bit':
/home/hust/git/Oslab/ucore/ucore/src/kern-ucore/arch/mips/glue-ucore/atomic.h:265:16: warning: variable 'c' set but not used [-Wunused-but-set-variable]
In file included from pipe_state.c:5:0:
/home/hust/git/Oslab/ucore/ucore/src/kern-ucore/arch/mips/sync/sync.h: In function 'try_lock':
/home/hust/git/Oslab/ucore/ucore/src/kern-ucore/arch/mips/sync/sync.h:21:2: warning: pointer targets in passing argument 2 of 'test_and_set_bit' differ in signedness [-Wpointer-sign]
/home/hust/git/Oslab/ucore/ucore/src/kern-ucore/arch/mips/glue-ucore/atomic.h:226:29: note: expected 'volatile unsigned int *' but argument is of type 'volatile int *'
/home/hust/git/Oslab/ucore/ucore/src/kern-ucore/arch/mips/sync/sync.h: In function 'unlock':
/home/hust/git/Oslab/ucore/ucore/src/kern-ucore/arch/mips/sync/sync.h:33:2: warning: pointer targets in passing argument 2 of 'test_and_clear_bit' differ in signedness [-Wpointer-sign]
/home/hust/git/Oslab/ucore/ucore/src/kern-ucore/arch/mips/glue-ucore/atomic.h:244:29: note: expected 'volatile unsigned int *' but argument is of type 'volatile int *'
In file included from inode.c:4:0:
/home/hust/git/Oslab/ucore/ucore/src/kern-ucore/arch/mips/glue-ucore/atomic.h: In function 'test_and_change_bit':
/home/hust/git/Oslab/ucore/ucore/src/kern-ucore/arch/mips/glue-ucore/atomic.h:265:16: warning: variable 'c' set but not used [-Wunused-but-set-variable]
In file included from /home/hust/git/Oslab/ucore/ucore/src/kern-ucore/sync/sem.h:5:0,
                 from /home/hust/git/Oslab/ucore/ucore/src/kern-ucore/fs/fs.h:6,
                 from /home/hust/git/Oslab/ucore/ucore/src/kern-ucore/fs/vfs/vfs.h:5,
                 from vfs.c:5:
/home/hust/git/Oslab/ucore/ucore/src/kern-ucore/arch/mips/glue-ucore/atomic.h: In function 'test_and_change_bit':
/home/hust/git/Oslab/ucore/ucore/src/kern-ucore/arch/mips/glue-ucore/atomic.h:265:16: warning: variable 'c' set but not used [-Wunused-but-set-variable]
In file included from /home/hust/git/Oslab/ucore/ucore/src/kern-ucore/sync/sem.h:5:0,
                 from /home/hust/git/Oslab/ucore/ucore/src/kern-ucore/fs/fs.h:6,
                 from /home/hust/git/Oslab/ucore/ucore/src/kern-ucore/fs/vfs/vfs.h:5,
                 from vfsdev.c:8:
/home/hust/git/Oslab/ucore/ucore/src/kern-ucore/arch/mips/glue-ucore/atomic.h: In function 'test_and_change_bit':
/home/hust/git/Oslab/ucore/ucore/src/kern-ucore/arch/mips/glue-ucore/atomic.h:265:16: warning: variable 'c' set but not used [-Wunused-but-set-variable]
In file included from /home/hust/git/Oslab/ucore/ucore/src/kern-ucore/sync/sem.h:5:0,
                 from /home/hust/git/Oslab/ucore/ucore/src/kern-ucore/fs/fs.h:6,
                 from /home/hust/git/Oslab/ucore/ucore/src/kern-ucore/fs/vfs/vfs.h:5,
                 from vfsfile.c:7:
/home/hust/git/Oslab/ucore/ucore/src/kern-ucore/arch/mips/glue-ucore/atomic.h: In function 'test_and_change_bit':
/home/hust/git/Oslab/ucore/ucore/src/kern-ucore/arch/mips/glue-ucore/atomic.h:265:16: warning: variable 'c' set but not used [-Wunused-but-set-variable]
In file included from /home/hust/git/Oslab/ucore/ucore/src/kern-ucore/sync/sem.h:5:0,
                 from /home/hust/git/Oslab/ucore/ucore/src/kern-ucore/fs/fs.h:6,
                 from /home/hust/git/Oslab/ucore/ucore/src/kern-ucore/fs/vfs/vfs.h:5,
                 from vfslookup.c:7:
/home/hust/git/Oslab/ucore/ucore/src/kern-ucore/arch/mips/glue-ucore/atomic.h: In function 'test_and_change_bit':
/home/hust/git/Oslab/ucore/ucore/src/kern-ucore/arch/mips/glue-ucore/atomic.h:265:16: warning: variable 'c' set but not used [-Wunused-but-set-variable]
In file included from /home/hust/git/Oslab/ucore/ucore/src/kern-ucore/sync/sem.h:5:0,
                 from /home/hust/git/Oslab/ucore/ucore/src/kern-ucore/fs/fs.h:6,
                 from /home/hust/git/Oslab/ucore/ucore/src/kern-ucore/fs/vfs/vfs.h:5,
                 from vfspath.c:3:
/home/hust/git/Oslab/ucore/ucore/src/kern-ucore/arch/mips/glue-ucore/atomic.h: In function 'test_and_change_bit':
/home/hust/git/Oslab/ucore/ucore/src/kern-ucore/arch/mips/glue-ucore/atomic.h:265:16: warning: variable 'c' set but not used [-Wunused-but-set-variable]
In file included from /home/hust/git/Oslab/ucore/ucore/src/kern-ucore/../glue-kern/arch/mips/glue_memlayout.h:39:0,
                 from /home/hust/git/Oslab/ucore/ucore/src/kern-ucore/arch/mips/mm/memlayout.h:4,
                 from /home/hust/git/Oslab/ucore/ucore/src/kern-ucore/process/proc.h:7,
                 from vfspath.c:7:
/home/hust/git/Oslab/ucore/ucore/src/kern-ucore/arch/mips/sync/sync.h: In function 'try_lock':
/home/hust/git/Oslab/ucore/ucore/src/kern-ucore/arch/mips/sync/sync.h:21:2: warning: pointer targets in passing argument 2 of 'test_and_set_bit' differ in signedness [-Wpointer-sign]
/home/hust/git/Oslab/ucore/ucore/src/kern-ucore/arch/mips/glue-ucore/atomic.h:226:29: note: expected 'volatile unsigned int *' but argument is of type 'volatile int *'
/home/hust/git/Oslab/ucore/ucore/src/kern-ucore/arch/mips/sync/sync.h: In function 'unlock':
/home/hust/git/Oslab/ucore/ucore/src/kern-ucore/arch/mips/sync/sync.h:33:2: warning: pointer targets in passing argument 2 of 'test_and_clear_bit' differ in signedness [-Wpointer-sign]
/home/hust/git/Oslab/ucore/ucore/src/kern-ucore/arch/mips/glue-ucore/atomic.h:244:29: note: expected 'volatile unsigned int *' but argument is of type 'volatile int *'
In file included from /home/hust/git/Oslab/ucore/ucore/src/kern-ucore/sync/sem.h:5:0,
                 from /home/hust/git/Oslab/ucore/ucore/src/kern-ucore/fs/sfs/sfs.h:7,
                 from sfs.c:2:
/home/hust/git/Oslab/ucore/ucore/src/kern-ucore/arch/mips/glue-ucore/atomic.h: In function 'test_and_change_bit':
/home/hust/git/Oslab/ucore/ucore/src/kern-ucore/arch/mips/glue-ucore/atomic.h:265:16: warning: variable 'c' set but not used [-Wunused-but-set-variable]
In file included from /home/hust/git/Oslab/ucore/ucore/src/kern-ucore/sync/sem.h:5:0,
                 from /home/hust/git/Oslab/ucore/ucore/src/kern-ucore/fs/fs.h:6,
                 from sfs_fs.c:6:
/home/hust/git/Oslab/ucore/ucore/src/kern-ucore/arch/mips/glue-ucore/atomic.h: In function 'test_and_change_bit':
/home/hust/git/Oslab/ucore/ucore/src/kern-ucore/arch/mips/glue-ucore/atomic.h:265:16: warning: variable 'c' set but not used [-Wunused-but-set-variable]
In file included from /home/hust/git/Oslab/ucore/ucore/src/kern-ucore/sync/sem.h:5:0,
                 from /home/hust/git/Oslab/ucore/ucore/src/kern-ucore/fs/fs.h:6,
                 from /home/hust/git/Oslab/ucore/ucore/src/kern-ucore/fs/vfs/vfs.h:5,
                 from sfs_inode.c:7:
/home/hust/git/Oslab/ucore/ucore/src/kern-ucore/arch/mips/glue-ucore/atomic.h: In function 'test_and_change_bit':
/home/hust/git/Oslab/ucore/ucore/src/kern-ucore/arch/mips/glue-ucore/atomic.h:265:16: warning: variable 'c' set but not used [-Wunused-but-set-variable]
In file included from /home/hust/git/Oslab/ucore/ucore/src/kern-ucore/sync/sem.h:5:0,
                 from /home/hust/git/Oslab/ucore/ucore/src/kern-ucore/fs/sfs/sfs.h:7,
                 from sfs_io.c:4:
/home/hust/git/Oslab/ucore/ucore/src/kern-ucore/arch/mips/glue-ucore/atomic.h: In function 'test_and_change_bit':
/home/hust/git/Oslab/ucore/ucore/src/kern-ucore/arch/mips/glue-ucore/atomic.h:265:16: warning: variable 'c' set but not used [-Wunused-but-set-variable]
In file included from /home/hust/git/Oslab/ucore/ucore/src/kern-ucore/sync/sem.h:5:0,
                 from sfs_lock.c:2:
/home/hust/git/Oslab/ucore/ucore/src/kern-ucore/arch/mips/glue-ucore/atomic.h: In function 'test_and_change_bit':
/home/hust/git/Oslab/ucore/ucore/src/kern-ucore/arch/mips/glue-ucore/atomic.h:265:16: warning: variable 'c' set but not used [-Wunused-but-set-variable]
In file included from /home/hust/git/Oslab/ucore/ucore/src/kern-ucore/../glue-kern/arch/mips/glue_memlayout.h:38:0,
                 from /home/hust/git/Oslab/ucore/ucore/src/kern-ucore/arch/mips/mm/memlayout.h:4,
                 from /home/hust/git/Oslab/ucore/ucore/src/kern-ucore/process/proc.h:7,
                 from proc.c:1:
/home/hust/git/Oslab/ucore/ucore/src/kern-ucore/arch/mips/glue-ucore/atomic.h: In function 'test_and_change_bit':
/home/hust/git/Oslab/ucore/ucore/src/kern-ucore/arch/mips/glue-ucore/atomic.h:265:16: warning: variable 'c' set but not used [-Wunused-but-set-variable]
In file included from /home/hust/git/Oslab/ucore/ucore/src/kern-ucore/../glue-kern/arch/mips/glue_memlayout.h:39:0,
                 from /home/hust/git/Oslab/ucore/ucore/src/kern-ucore/arch/mips/mm/memlayout.h:4,
                 from /home/hust/git/Oslab/ucore/ucore/src/kern-ucore/process/proc.h:7,
                 from proc.c:1:
/home/hust/git/Oslab/ucore/ucore/src/kern-ucore/arch/mips/sync/sync.h: In function 'try_lock':
/home/hust/git/Oslab/ucore/ucore/src/kern-ucore/arch/mips/sync/sync.h:21:2: warning: pointer targets in passing argument 2 of 'test_and_set_bit' differ in signedness [-Wpointer-sign]
/home/hust/git/Oslab/ucore/ucore/src/kern-ucore/arch/mips/glue-ucore/atomic.h:226:29: note: expected 'volatile unsigned int *' but argument is of type 'volatile int *'
/home/hust/git/Oslab/ucore/ucore/src/kern-ucore/arch/mips/sync/sync.h: In function 'unlock':
/home/hust/git/Oslab/ucore/ucore/src/kern-ucore/arch/mips/sync/sync.h:33:2: warning: pointer targets in passing argument 2 of 'test_and_clear_bit' differ in signedness [-Wpointer-sign]
/home/hust/git/Oslab/ucore/ucore/src/kern-ucore/arch/mips/glue-ucore/atomic.h:244:29: note: expected 'volatile unsigned int *' but argument is of type 'volatile int *'
proc.c: In function 'copy_mm':
proc.c:366:2: warning: implicit declaration of function 'set_pgdir' [-Wimplicit-function-declaration]
proc.c: In function 'copy_signal':
proc.c:446:1: warning: label 'good_signal' defined but not used [-Wunused-label]
proc.c: In function 'load_icode':
proc.c:900:13: warning: unused variable 'perm' [-Wunused-variable]
proc.c:895:11: warning: variable 'load_address' set but not used [-Wunused-but-set-variable]
proc.c:881:15: warning: unused variable 'page' [-Wunused-variable]
proc.c: In function 'user_main':
proc.c:1953:1: warning: no return statement in function returning non-void [-Wreturn-type]
proc.c: In function 'init_main':
proc.c:1966:2: warning: #warning swapping disabled [-Wcpp]
proc.c:1975:2: warning: implicit declaration of function 'nr_used_pages' [-Wimplicit-function-declaration]
In file included from /home/hust/git/Oslab/ucore/ucore/src/kern-ucore/../glue-kern/arch/mips/glue_memlayout.h:38:0,
                 from /home/hust/git/Oslab/ucore/ucore/src/kern-ucore/arch/mips/mm/memlayout.h:4,
                 from /home/hust/git/Oslab/ucore/ucore/src/kern-ucore/process/proc.h:7,
                 from signal.c:3:
/home/hust/git/Oslab/ucore/ucore/src/kern-ucore/arch/mips/glue-ucore/atomic.h: In function 'test_and_change_bit':
/home/hust/git/Oslab/ucore/ucore/src/kern-ucore/arch/mips/glue-ucore/atomic.h:265:16: warning: variable 'c' set but not used [-Wunused-but-set-variable]
In file included from /home/hust/git/Oslab/ucore/ucore/src/kern-ucore/../glue-kern/arch/mips/glue_memlayout.h:39:0,
                 from /home/hust/git/Oslab/ucore/ucore/src/kern-ucore/arch/mips/mm/memlayout.h:4,
                 from /home/hust/git/Oslab/ucore/ucore/src/kern-ucore/process/proc.h:7,
                 from signal.c:3:
/home/hust/git/Oslab/ucore/ucore/src/kern-ucore/arch/mips/sync/sync.h: In function 'try_lock':
/home/hust/git/Oslab/ucore/ucore/src/kern-ucore/arch/mips/sync/sync.h:21:2: warning: pointer targets in passing argument 2 of 'test_and_set_bit' differ in signedness [-Wpointer-sign]
/home/hust/git/Oslab/ucore/ucore/src/kern-ucore/arch/mips/glue-ucore/atomic.h:226:29: note: expected 'volatile unsigned int *' but argument is of type 'volatile int *'
/home/hust/git/Oslab/ucore/ucore/src/kern-ucore/arch/mips/sync/sync.h: In function 'unlock':
/home/hust/git/Oslab/ucore/ucore/src/kern-ucore/arch/mips/sync/sync.h:33:2: warning: pointer targets in passing argument 2 of 'test_and_clear_bit' differ in signedness [-Wpointer-sign]
/home/hust/git/Oslab/ucore/ucore/src/kern-ucore/arch/mips/glue-ucore/atomic.h:244:29: note: expected 'volatile unsigned int *' but argument is of type 'volatile int *'
In file included from /home/hust/git/Oslab/ucore/ucore/src/kern-ucore/mm/shmem.h:5:0,
                 from shmem.c:2:
/home/hust/git/Oslab/ucore/ucore/src/kern-ucore/arch/mips/glue-ucore/atomic.h: In function 'test_and_change_bit':
/home/hust/git/Oslab/ucore/ucore/src/kern-ucore/arch/mips/glue-ucore/atomic.h:265:16: warning: variable 'c' set but not used [-Wunused-but-set-variable]
In file included from /home/hust/git/Oslab/ucore/ucore/src/kern-ucore/mm/shmem.h:7:0,
                 from shmem.c:2:
/home/hust/git/Oslab/ucore/ucore/src/kern-ucore/arch/mips/sync/sync.h: In function 'try_lock':
/home/hust/git/Oslab/ucore/ucore/src/kern-ucore/arch/mips/sync/sync.h:21:2: warning: pointer targets in passing argument 2 of 'test_and_set_bit' differ in signedness [-Wpointer-sign]
/home/hust/git/Oslab/ucore/ucore/src/kern-ucore/arch/mips/glue-ucore/atomic.h:226:29: note: expected 'volatile unsigned int *' but argument is of type 'volatile int *'
/home/hust/git/Oslab/ucore/ucore/src/kern-ucore/arch/mips/sync/sync.h: In function 'unlock':
/home/hust/git/Oslab/ucore/ucore/src/kern-ucore/arch/mips/sync/sync.h:33:2: warning: pointer targets in passing argument 2 of 'test_and_clear_bit' differ in signedness [-Wpointer-sign]
/home/hust/git/Oslab/ucore/ucore/src/kern-ucore/arch/mips/glue-ucore/atomic.h:244:29: note: expected 'volatile unsigned int *' but argument is of type 'volatile int *'
In file included from /home/hust/git/Oslab/ucore/ucore/src/kern-ucore/../glue-kern/arch/mips/glue_memlayout.h:38:0,
                 from /home/hust/git/Oslab/ucore/ucore/src/kern-ucore/../glue-kern/arch/mips/glue_pgmap.h:5,
                 from /home/hust/git/Oslab/ucore/ucore/src/kern-ucore/arch/mips/mm/pmm.h:5,
                 from swap.c:1:
/home/hust/git/Oslab/ucore/ucore/src/kern-ucore/arch/mips/glue-ucore/atomic.h: In function 'test_and_change_bit':
/home/hust/git/Oslab/ucore/ucore/src/kern-ucore/arch/mips/glue-ucore/atomic.h:265:16: warning: variable 'c' set but not used [-Wunused-but-set-variable]
In file included from /home/hust/git/Oslab/ucore/ucore/src/kern-ucore/../glue-kern/arch/mips/glue_memlayout.h:39:0,
                 from /home/hust/git/Oslab/ucore/ucore/src/kern-ucore/../glue-kern/arch/mips/glue_pgmap.h:5,
                 from /home/hust/git/Oslab/ucore/ucore/src/kern-ucore/arch/mips/mm/pmm.h:5,
                 from swap.c:1:
/home/hust/git/Oslab/ucore/ucore/src/kern-ucore/arch/mips/sync/sync.h: In function 'try_lock':
/home/hust/git/Oslab/ucore/ucore/src/kern-ucore/arch/mips/sync/sync.h:21:2: warning: pointer targets in passing argument 2 of 'test_and_set_bit' differ in signedness [-Wpointer-sign]
/home/hust/git/Oslab/ucore/ucore/src/kern-ucore/arch/mips/glue-ucore/atomic.h:226:29: note: expected 'volatile uint32_t *' but argument is of type 'volatile int *'
/home/hust/git/Oslab/ucore/ucore/src/kern-ucore/arch/mips/sync/sync.h: In function 'unlock':
/home/hust/git/Oslab/ucore/ucore/src/kern-ucore/arch/mips/sync/sync.h:33:2: warning: pointer targets in passing argument 2 of 'test_and_clear_bit' differ in signedness [-Wpointer-sign]
/home/hust/git/Oslab/ucore/ucore/src/kern-ucore/arch/mips/glue-ucore/atomic.h:244:29: note: expected 'volatile uint32_t *' but argument is of type 'volatile int *'
In file included from /home/hust/git/Oslab/ucore/ucore/src/kern-ucore/../glue-kern/arch/mips/glue_memlayout.h:38:0,
                 from /home/hust/git/Oslab/ucore/ucore/src/kern-ucore/arch/mips/mm/memlayout.h:4,
                 from /home/hust/git/Oslab/ucore/ucore/src/kern-ucore/mm/vmm.h:7,
                 from vmm.c:1:
/home/hust/git/Oslab/ucore/ucore/src/kern-ucore/arch/mips/glue-ucore/atomic.h: In function 'test_and_change_bit':
/home/hust/git/Oslab/ucore/ucore/src/kern-ucore/arch/mips/glue-ucore/atomic.h:265:16: warning: variable 'c' set but not used [-Wunused-but-set-variable]
In file included from /home/hust/git/Oslab/ucore/ucore/src/kern-ucore/../glue-kern/arch/mips/glue_memlayout.h:39:0,
                 from /home/hust/git/Oslab/ucore/ucore/src/kern-ucore/arch/mips/mm/memlayout.h:4,
                 from /home/hust/git/Oslab/ucore/ucore/src/kern-ucore/mm/vmm.h:7,
                 from vmm.c:1:
/home/hust/git/Oslab/ucore/ucore/src/kern-ucore/arch/mips/sync/sync.h: In function 'try_lock':
/home/hust/git/Oslab/ucore/ucore/src/kern-ucore/arch/mips/sync/sync.h:21:2: warning: pointer targets in passing argument 2 of 'test_and_set_bit' differ in signedness [-Wpointer-sign]
/home/hust/git/Oslab/ucore/ucore/src/kern-ucore/arch/mips/glue-ucore/atomic.h:226:29: note: expected 'volatile unsigned int *' but argument is of type 'volatile int *'
/home/hust/git/Oslab/ucore/ucore/src/kern-ucore/arch/mips/sync/sync.h: In function 'unlock':
/home/hust/git/Oslab/ucore/ucore/src/kern-ucore/arch/mips/sync/sync.h:33:2: warning: pointer targets in passing argument 2 of 'test_and_clear_bit' differ in signedness [-Wpointer-sign]
/home/hust/git/Oslab/ucore/ucore/src/kern-ucore/arch/mips/glue-ucore/atomic.h:244:29: note: expected 'volatile unsigned int *' but argument is of type 'volatile int *'
vmm.c: In function 'check_vmm':
vmm.c:735:2: warning: implicit declaration of function 'nr_used_pages' [-Wimplicit-function-declaration]
vmm.c: In function 'do_pgfault':
vmm.c:928:19: warning: unused variable 'nperm' [-Wunused-variable]
In file included from /home/hust/git/Oslab/ucore/ucore/src/kern-ucore/../glue-kern/arch/mips/glue_memlayout.h:38:0,
                 from /home/hust/git/Oslab/ucore/ucore/src/kern-ucore/arch/mips/mm/memlayout.h:4,
                 from slab.c:3:
/home/hust/git/Oslab/ucore/ucore/src/kern-ucore/arch/mips/glue-ucore/atomic.h: In function 'test_and_change_bit':
/home/hust/git/Oslab/ucore/ucore/src/kern-ucore/arch/mips/glue-ucore/atomic.h:265:16: warning: variable 'c' set but not used [-Wunused-but-set-variable]
In file included from /home/hust/git/Oslab/ucore/ucore/src/kern-ucore/../glue-kern/arch/mips/glue_memlayout.h:39:0,
                 from /home/hust/git/Oslab/ucore/ucore/src/kern-ucore/arch/mips/mm/memlayout.h:4,
                 from slab.c:3:
/home/hust/git/Oslab/ucore/ucore/src/kern-ucore/arch/mips/sync/sync.h: In function 'try_lock':
/home/hust/git/Oslab/ucore/ucore/src/kern-ucore/arch/mips/sync/sync.h:21:2: warning: pointer targets in passing argument 2 of 'test_and_set_bit' differ in signedness [-Wpointer-sign]
/home/hust/git/Oslab/ucore/ucore/src/kern-ucore/arch/mips/glue-ucore/atomic.h:226:29: note: expected 'volatile unsigned int *' but argument is of type 'volatile int *'
/home/hust/git/Oslab/ucore/ucore/src/kern-ucore/arch/mips/sync/sync.h: In function 'unlock':
/home/hust/git/Oslab/ucore/ucore/src/kern-ucore/arch/mips/sync/sync.h:33:2: warning: pointer targets in passing argument 2 of 'test_and_clear_bit' differ in signedness [-Wpointer-sign]
/home/hust/git/Oslab/ucore/ucore/src/kern-ucore/arch/mips/glue-ucore/atomic.h:244:29: note: expected 'volatile unsigned int *' but argument is of type 'volatile int *'
slab.c: In function 'check_slab':
slab.c:494:2: warning: implicit declaration of function 'nr_used_pages' [-Wimplicit-function-declaration]
In file included from /home/hust/git/Oslab/ucore/ucore/src/kern-ucore/../glue-kern/arch/mips/glue_memlayout.h:38:0,
                 from /home/hust/git/Oslab/ucore/ucore/src/kern-ucore/../glue-kern/arch/mips/glue_pgmap.h:5,
                 from /home/hust/git/Oslab/ucore/ucore/src/kern-ucore/arch/mips/mm/pmm.h:5,
                 from pmm.c:1:
/home/hust/git/Oslab/ucore/ucore/src/kern-ucore/arch/mips/glue-ucore/atomic.h: In function 'test_and_change_bit':
/home/hust/git/Oslab/ucore/ucore/src/kern-ucore/arch/mips/glue-ucore/atomic.h:265:16: warning: variable 'c' set but not used [-Wunused-but-set-variable]
In file included from /home/hust/git/Oslab/ucore/ucore/src/kern-ucore/../glue-kern/arch/mips/glue_memlayout.h:39:0,
                 from /home/hust/git/Oslab/ucore/ucore/src/kern-ucore/../glue-kern/arch/mips/glue_pgmap.h:5,
                 from /home/hust/git/Oslab/ucore/ucore/src/kern-ucore/arch/mips/mm/pmm.h:5,
                 from pmm.c:1:
/home/hust/git/Oslab/ucore/ucore/src/kern-ucore/arch/mips/sync/sync.h: In function 'try_lock':
/home/hust/git/Oslab/ucore/ucore/src/kern-ucore/arch/mips/sync/sync.h:21:2: warning: pointer targets in passing argument 2 of 'test_and_set_bit' differ in signedness [-Wpointer-sign]
/home/hust/git/Oslab/ucore/ucore/src/kern-ucore/arch/mips/glue-ucore/atomic.h:226:29: note: expected 'volatile uint32_t *' but argument is of type 'volatile int *'
/home/hust/git/Oslab/ucore/ucore/src/kern-ucore/arch/mips/sync/sync.h: In function 'unlock':
/home/hust/git/Oslab/ucore/ucore/src/kern-ucore/arch/mips/sync/sync.h:33:2: warning: pointer targets in passing argument 2 of 'test_and_clear_bit' differ in signedness [-Wpointer-sign]
/home/hust/git/Oslab/ucore/ucore/src/kern-ucore/arch/mips/glue-ucore/atomic.h:244:29: note: expected 'volatile uint32_t *' but argument is of type 'volatile int *'
pmm.c: In function 'copy_range':
pmm.c:462:5: warning: implicit declaration of function 'swap_duplicate' [-Wimplicit-function-declaration]
In file included from /home/hust/git/Oslab/ucore/ucore/src/kern-ucore/../glue-kern/arch/mips/glue_memlayout.h:38:0,
                 from /home/hust/git/Oslab/ucore/ucore/src/kern-ucore/arch/mips/mm/memlayout.h:4,
                 from /home/hust/git/Oslab/ucore/ucore/src/kern-ucore/process/proc.h:7,
                 from event.c:3:
/home/hust/git/Oslab/ucore/ucore/src/kern-ucore/arch/mips/glue-ucore/atomic.h: In function 'test_and_change_bit':
/home/hust/git/Oslab/ucore/ucore/src/kern-ucore/arch/mips/glue-ucore/atomic.h:265:16: warning: variable 'c' set but not used [-Wunused-but-set-variable]
In file included from /home/hust/git/Oslab/ucore/ucore/src/kern-ucore/../glue-kern/arch/mips/glue_memlayout.h:39:0,
                 from /home/hust/git/Oslab/ucore/ucore/src/kern-ucore/arch/mips/mm/memlayout.h:4,
                 from /home/hust/git/Oslab/ucore/ucore/src/kern-ucore/process/proc.h:7,
                 from event.c:3:
/home/hust/git/Oslab/ucore/ucore/src/kern-ucore/arch/mips/sync/sync.h: In function 'try_lock':
/home/hust/git/Oslab/ucore/ucore/src/kern-ucore/arch/mips/sync/sync.h:21:2: warning: pointer targets in passing argument 2 of 'test_and_set_bit' differ in signedness [-Wpointer-sign]
/home/hust/git/Oslab/ucore/ucore/src/kern-ucore/arch/mips/glue-ucore/atomic.h:226:29: note: expected 'volatile unsigned int *' but argument is of type 'volatile int *'
/home/hust/git/Oslab/ucore/ucore/src/kern-ucore/arch/mips/sync/sync.h: In function 'unlock':
/home/hust/git/Oslab/ucore/ucore/src/kern-ucore/arch/mips/sync/sync.h:33:2: warning: pointer targets in passing argument 2 of 'test_and_clear_bit' differ in signedness [-Wpointer-sign]
/home/hust/git/Oslab/ucore/ucore/src/kern-ucore/arch/mips/glue-ucore/atomic.h:244:29: note: expected 'volatile unsigned int *' but argument is of type 'volatile int *'
In file included from /home/hust/git/Oslab/ucore/ucore/src/kern-ucore/../glue-kern/arch/mips/glue_memlayout.h:38:0,
                 from /home/hust/git/Oslab/ucore/ucore/src/kern-ucore/../glue-kern/arch/mips/glue_pgmap.h:5,
                 from /home/hust/git/Oslab/ucore/ucore/src/kern-ucore/arch/mips/mm/pmm.h:5,
                 from mbox.c:3:
/home/hust/git/Oslab/ucore/ucore/src/kern-ucore/arch/mips/glue-ucore/atomic.h: In function 'test_and_change_bit':
/home/hust/git/Oslab/ucore/ucore/src/kern-ucore/arch/mips/glue-ucore/atomic.h:265:16: warning: variable 'c' set but not used [-Wunused-but-set-variable]
In file included from /home/hust/git/Oslab/ucore/ucore/src/kern-ucore/../glue-kern/arch/mips/glue_memlayout.h:39:0,
                 from /home/hust/git/Oslab/ucore/ucore/src/kern-ucore/../glue-kern/arch/mips/glue_pgmap.h:5,
                 from /home/hust/git/Oslab/ucore/ucore/src/kern-ucore/arch/mips/mm/pmm.h:5,
                 from mbox.c:3:
/home/hust/git/Oslab/ucore/ucore/src/kern-ucore/arch/mips/sync/sync.h: In function 'try_lock':
/home/hust/git/Oslab/ucore/ucore/src/kern-ucore/arch/mips/sync/sync.h:21:2: warning: pointer targets in passing argument 2 of 'test_and_set_bit' differ in signedness [-Wpointer-sign]
/home/hust/git/Oslab/ucore/ucore/src/kern-ucore/arch/mips/glue-ucore/atomic.h:226:29: note: expected 'volatile unsigned int *' but argument is of type 'volatile int *'
/home/hust/git/Oslab/ucore/ucore/src/kern-ucore/arch/mips/sync/sync.h: In function 'unlock':
/home/hust/git/Oslab/ucore/ucore/src/kern-ucore/arch/mips/sync/sync.h:33:2: warning: pointer targets in passing argument 2 of 'test_and_clear_bit' differ in signedness [-Wpointer-sign]
/home/hust/git/Oslab/ucore/ucore/src/kern-ucore/arch/mips/glue-ucore/atomic.h:244:29: note: expected 'volatile unsigned int *' but argument is of type 'volatile int *'
In file included from sem.c:3:0:
/home/hust/git/Oslab/ucore/ucore/src/kern-ucore/arch/mips/glue-ucore/atomic.h: In function 'test_and_change_bit':
/home/hust/git/Oslab/ucore/ucore/src/kern-ucore/arch/mips/glue-ucore/atomic.h:265:16: warning: variable 'c' set but not used [-Wunused-but-set-variable]
In file included from /home/hust/git/Oslab/ucore/ucore/src/kern-ucore/../glue-kern/arch/mips/glue_memlayout.h:39:0,
                 from /home/hust/git/Oslab/ucore/ucore/src/kern-ucore/arch/mips/mm/memlayout.h:4,
                 from /home/hust/git/Oslab/ucore/ucore/src/kern-ucore/mm/vmm.h:7,
                 from sem.c:6:
/home/hust/git/Oslab/ucore/ucore/src/kern-ucore/arch/mips/sync/sync.h: In function 'try_lock':
/home/hust/git/Oslab/ucore/ucore/src/kern-ucore/arch/mips/sync/sync.h:21:2: warning: pointer targets in passing argument 2 of 'test_and_set_bit' differ in signedness [-Wpointer-sign]
/home/hust/git/Oslab/ucore/ucore/src/kern-ucore/arch/mips/glue-ucore/atomic.h:226:29: note: expected 'volatile unsigned int *' but argument is of type 'volatile int *'
/home/hust/git/Oslab/ucore/ucore/src/kern-ucore/arch/mips/sync/sync.h: In function 'unlock':
/home/hust/git/Oslab/ucore/ucore/src/kern-ucore/arch/mips/sync/sync.h:33:2: warning: pointer targets in passing argument 2 of 'test_and_clear_bit' differ in signedness [-Wpointer-sign]
/home/hust/git/Oslab/ucore/ucore/src/kern-ucore/arch/mips/glue-ucore/atomic.h:244:29: note: expected 'volatile unsigned int *' but argument is of type 'volatile int *'
In file included from /home/hust/git/Oslab/ucore/ucore/src/kern-ucore/arch/mips/sync/sync.h:9:0,
                 from sync.c:1:
/home/hust/git/Oslab/ucore/ucore/src/kern-ucore/arch/mips/glue-ucore/atomic.h: In function 'test_and_change_bit':
/home/hust/git/Oslab/ucore/ucore/src/kern-ucore/arch/mips/glue-ucore/atomic.h:265:16: warning: variable 'c' set but not used [-Wunused-but-set-variable]
In file included from sync.c:1:0:
/home/hust/git/Oslab/ucore/ucore/src/kern-ucore/arch/mips/sync/sync.h: In function 'try_lock':
/home/hust/git/Oslab/ucore/ucore/src/kern-ucore/arch/mips/sync/sync.h:21:2: warning: pointer targets in passing argument 2 of 'test_and_set_bit' differ in signedness [-Wpointer-sign]
/home/hust/git/Oslab/ucore/ucore/src/kern-ucore/arch/mips/glue-ucore/atomic.h:226:29: note: expected 'volatile uint32_t *' but argument is of type 'volatile int *'
/home/hust/git/Oslab/ucore/ucore/src/kern-ucore/arch/mips/sync/sync.h: In function 'unlock':
/home/hust/git/Oslab/ucore/ucore/src/kern-ucore/arch/mips/sync/sync.h:33:2: warning: pointer targets in passing argument 2 of 'test_and_clear_bit' differ in signedness [-Wpointer-sign]
/home/hust/git/Oslab/ucore/ucore/src/kern-ucore/arch/mips/glue-ucore/atomic.h:244:29: note: expected 'volatile uint32_t *' but argument is of type 'volatile int *'
In file included from /home/hust/git/Oslab/ucore/ucore/src/kern-ucore/arch/mips/sync/sync.h:9:0,
                 from wait.c:3:
/home/hust/git/Oslab/ucore/ucore/src/kern-ucore/arch/mips/glue-ucore/atomic.h: In function 'test_and_change_bit':
/home/hust/git/Oslab/ucore/ucore/src/kern-ucore/arch/mips/glue-ucore/atomic.h:265:16: warning: variable 'c' set but not used [-Wunused-but-set-variable]
In file included from wait.c:3:0:
/home/hust/git/Oslab/ucore/ucore/src/kern-ucore/arch/mips/sync/sync.h: In function 'try_lock':
/home/hust/git/Oslab/ucore/ucore/src/kern-ucore/arch/mips/sync/sync.h:21:2: warning: pointer targets in passing argument 2 of 'test_and_set_bit' differ in signedness [-Wpointer-sign]
/home/hust/git/Oslab/ucore/ucore/src/kern-ucore/arch/mips/glue-ucore/atomic.h:226:29: note: expected 'volatile unsigned int *' but argument is of type 'volatile int *'
/home/hust/git/Oslab/ucore/ucore/src/kern-ucore/arch/mips/sync/sync.h: In function 'unlock':
/home/hust/git/Oslab/ucore/ucore/src/kern-ucore/arch/mips/sync/sync.h:33:2: warning: pointer targets in passing argument 2 of 'test_and_clear_bit' differ in signedness [-Wpointer-sign]
/home/hust/git/Oslab/ucore/ucore/src/kern-ucore/arch/mips/glue-ucore/atomic.h:244:29: note: expected 'volatile unsigned int *' but argument is of type 'volatile int *'
In file included from /home/hust/git/Oslab/ucore/ucore/src/kern-ucore/sync/sem.h:5:0,
                 from /home/hust/git/Oslab/ucore/ucore/src/kern-ucore/fs/fs.h:6,
                 from /home/hust/git/Oslab/ucore/ucore/src/kern-ucore/fs/file.h:5,
                 from mod.c:4:
/home/hust/git/Oslab/ucore/ucore/src/kern-ucore/arch/mips/glue-ucore/atomic.h: In function 'test_and_change_bit':
/home/hust/git/Oslab/ucore/ucore/src/kern-ucore/arch/mips/glue-ucore/atomic.h:265:16: warning: variable 'c' set but not used [-Wunused-but-set-variable]
In file included from /home/hust/git/Oslab/ucore/ucore/src/kern-ucore/../glue-kern/arch/mips/glue_memlayout.h:39:0,
                 from /home/hust/git/Oslab/ucore/ucore/src/kern-ucore/arch/mips/mm/memlayout.h:4,
                 from /home/hust/git/Oslab/ucore/ucore/src/kern-ucore/process/proc.h:7,
                 from /home/hust/git/Oslab/ucore/ucore/src/kern-ucore/fs/file.h:6,
                 from mod.c:4:
/home/hust/git/Oslab/ucore/ucore/src/kern-ucore/arch/mips/sync/sync.h: In function 'try_lock':
/home/hust/git/Oslab/ucore/ucore/src/kern-ucore/arch/mips/sync/sync.h:21:2: warning: pointer targets in passing argument 2 of 'test_and_set_bit' differ in signedness [-Wpointer-sign]
/home/hust/git/Oslab/ucore/ucore/src/kern-ucore/arch/mips/glue-ucore/atomic.h:226:29: note: expected 'volatile unsigned int *' but argument is of type 'volatile int *'
/home/hust/git/Oslab/ucore/ucore/src/kern-ucore/arch/mips/sync/sync.h: In function 'unlock':
/home/hust/git/Oslab/ucore/ucore/src/kern-ucore/arch/mips/sync/sync.h:33:2: warning: pointer targets in passing argument 2 of 'test_and_clear_bit' differ in signedness [-Wpointer-sign]
/home/hust/git/Oslab/ucore/ucore/src/kern-ucore/arch/mips/glue-ucore/atomic.h:244:29: note: expected 'volatile unsigned int *' but argument is of type 'volatile int *'
mod.c: In function 'use_module':
mod.c:481:15: warning: unused variable 'err' [-Wunused-variable]
mod.c:481:6: warning: unused variable 'no_warn' [-Wunused-variable]
mod.c: In function 'print_modules':
mod.c:525:7: warning: unused variable 'buf' [-Wunused-variable]
mod.c: In function 'load_module':
mod.c:944:1: warning: label 'free_init' defined but not used [-Wunused-label]
mod.c:726:8: warning: variable 'staging' set but not used [-Wunused-but-set-variable]
mod.c:725:28: warning: unused variable 'modmagic' [-Wunused-variable]
mod.c:725:21: warning: unused variable 'args' [-Wunused-variable]
mod.c: In function 'do_cleanup_module':
mod.c:1008:11: warning: unused variable 'forced' [-Wunused-variable]
mod.c: In function '__module_put_and_exit':
mod.c:449:1: warning: 'noreturn' function does return [enabled by default]
In file included from /home/hust/git/Oslab/ucore/ucore/src/kern-ucore/arch/mips/sync/sync.h:9:0,
                 from kdebug.c:5:
/home/hust/git/Oslab/ucore/ucore/src/kern-ucore/arch/mips/glue-ucore/atomic.h: In function 'test_and_change_bit':
/home/hust/git/Oslab/ucore/ucore/src/kern-ucore/arch/mips/glue-ucore/atomic.h:265:16: warning: variable 'c' set but not used [-Wunused-but-set-variable]
In file included from kdebug.c:5:0:
/home/hust/git/Oslab/ucore/ucore/src/kern-ucore/arch/mips/sync/sync.h: In function 'try_lock':
/home/hust/git/Oslab/ucore/ucore/src/kern-ucore/arch/mips/sync/sync.h:21:2: warning: pointer targets in passing argument 2 of 'test_and_set_bit' differ in signedness [-Wpointer-sign]
/home/hust/git/Oslab/ucore/ucore/src/kern-ucore/arch/mips/glue-ucore/atomic.h:226:29: note: expected 'volatile unsigned int *' but argument is of type 'volatile int *'
/home/hust/git/Oslab/ucore/ucore/src/kern-ucore/arch/mips/sync/sync.h: In function 'unlock':
/home/hust/git/Oslab/ucore/ucore/src/kern-ucore/arch/mips/sync/sync.h:33:2: warning: pointer targets in passing argument 2 of 'test_and_clear_bit' differ in signedness [-Wpointer-sign]
/home/hust/git/Oslab/ucore/ucore/src/kern-ucore/arch/mips/glue-ucore/atomic.h:244:29: note: expected 'volatile unsigned int *' but argument is of type 'volatile int *'
In file included from /home/hust/git/Oslab/ucore/ucore/src/kern-ucore/../glue-kern/arch/mips/glue_memlayout.h:38:0,
                 from /home/hust/git/Oslab/ucore/ucore/src/kern-ucore/arch/mips/mm/memlayout.h:4,
                 from console.c:7:
/home/hust/git/Oslab/ucore/ucore/src/kern-ucore/arch/mips/glue-ucore/atomic.h: In function 'test_and_change_bit':
/home/hust/git/Oslab/ucore/ucore/src/kern-ucore/arch/mips/glue-ucore/atomic.h:265:16: warning: variable 'c' set but not used [-Wunused-but-set-variable]
In file included from /home/hust/git/Oslab/ucore/ucore/src/kern-ucore/../glue-kern/arch/mips/glue_memlayout.h:39:0,
                 from /home/hust/git/Oslab/ucore/ucore/src/kern-ucore/arch/mips/mm/memlayout.h:4,
                 from console.c:7:
/home/hust/git/Oslab/ucore/ucore/src/kern-ucore/arch/mips/sync/sync.h: In function 'try_lock':
/home/hust/git/Oslab/ucore/ucore/src/kern-ucore/arch/mips/sync/sync.h:21:2: warning: pointer targets in passing argument 2 of 'test_and_set_bit' differ in signedness [-Wpointer-sign]
/home/hust/git/Oslab/ucore/ucore/src/kern-ucore/arch/mips/glue-ucore/atomic.h:226:29: note: expected 'volatile unsigned int *' but argument is of type 'volatile int *'
/home/hust/git/Oslab/ucore/ucore/src/kern-ucore/arch/mips/sync/sync.h: In function 'unlock':
/home/hust/git/Oslab/ucore/ucore/src/kern-ucore/arch/mips/sync/sync.h:33:2: warning: pointer targets in passing argument 2 of 'test_and_clear_bit' differ in signedness [-Wpointer-sign]
/home/hust/git/Oslab/ucore/ucore/src/kern-ucore/arch/mips/glue-ucore/atomic.h:244:29: note: expected 'volatile unsigned int *' but argument is of type 'volatile int *'
console.c: In function 'serial_init':
console.c:41:26: warning: unused variable 'uart' [-Wunused-variable]
console.c: In function 'serial_int_handler':
console.c:117:2: warning: implicit declaration of function 'cons_getc' [-Wimplicit-function-declaration]
console.c: At top level:
console.c:11:13: warning: 'delay' defined but not used [-Wunused-function]
console.c: In function 'serial_int_handler':
console.c:117:6: warning: 'c' may be used uninitialized in this function [-Wuninitialized]
In file included from /home/hust/git/Oslab/ucore/ucore/src/kern-ucore/sync/sem.h:5:0,
                 from /home/hust/git/Oslab/ucore/ucore/src/kern-ucore/fs/fs.h:6,
                 from ide.c:5:
/home/hust/git/Oslab/ucore/ucore/src/kern-ucore/arch/mips/glue-ucore/atomic.h: In function 'test_and_change_bit':
/home/hust/git/Oslab/ucore/ucore/src/kern-ucore/arch/mips/glue-ucore/atomic.h:265:16: warning: variable 'c' set but not used [-Wunused-but-set-variable]
In file included from /home/hust/git/Oslab/ucore/ucore/src/kern-ucore/../glue-kern/arch/mips/glue_memlayout.h:39:0,
                 from /home/hust/git/Oslab/ucore/ucore/src/kern-ucore/arch/mips/mm/memlayout.h:4,
                 from ide.c:9:
/home/hust/git/Oslab/ucore/ucore/src/kern-ucore/arch/mips/sync/sync.h: In function 'try_lock':
/home/hust/git/Oslab/ucore/ucore/src/kern-ucore/arch/mips/sync/sync.h:21:2: warning: pointer targets in passing argument 2 of 'test_and_set_bit' differ in signedness [-Wpointer-sign]
/home/hust/git/Oslab/ucore/ucore/src/kern-ucore/arch/mips/glue-ucore/atomic.h:226:29: note: expected 'volatile unsigned int *' but argument is of type 'volatile int *'
/home/hust/git/Oslab/ucore/ucore/src/kern-ucore/arch/mips/sync/sync.h: In function 'unlock':
/home/hust/git/Oslab/ucore/ucore/src/kern-ucore/arch/mips/sync/sync.h:33:2: warning: pointer targets in passing argument 2 of 'test_and_clear_bit' differ in signedness [-Wpointer-sign]
/home/hust/git/Oslab/ucore/ucore/src/kern-ucore/arch/mips/glue-ucore/atomic.h:244:29: note: expected 'volatile unsigned int *' but argument is of type 'volatile int *'
ide.c: At top level:
ide.c:21:12: warning: 'ide_wait_ready' defined but not used [-Wunused-function]
In file included from /home/hust/git/Oslab/ucore/ucore/src/kern-ucore/../glue-kern/arch/mips/glue_memlayout.h:38:0,
                 from /home/hust/git/Oslab/ucore/ucore/src/kern-ucore/arch/mips/mm/memlayout.h:4,
                 from ramdisk.c:22:
/home/hust/git/Oslab/ucore/ucore/src/kern-ucore/arch/mips/glue-ucore/atomic.h: In function 'test_and_change_bit':
/home/hust/git/Oslab/ucore/ucore/src/kern-ucore/arch/mips/glue-ucore/atomic.h:265:16: warning: variable 'c' set but not used [-Wunused-but-set-variable]
In file included from /home/hust/git/Oslab/ucore/ucore/src/kern-ucore/../glue-kern/arch/mips/glue_memlayout.h:39:0,
                 from /home/hust/git/Oslab/ucore/ucore/src/kern-ucore/arch/mips/mm/memlayout.h:4,
                 from ramdisk.c:22:
/home/hust/git/Oslab/ucore/ucore/src/kern-ucore/arch/mips/sync/sync.h: In function 'try_lock':
/home/hust/git/Oslab/ucore/ucore/src/kern-ucore/arch/mips/sync/sync.h:21:2: warning: pointer targets in passing argument 2 of 'test_and_set_bit' differ in signedness [-Wpointer-sign]
/home/hust/git/Oslab/ucore/ucore/src/kern-ucore/arch/mips/glue-ucore/atomic.h:226:29: note: expected 'volatile unsigned int *' but argument is of type 'volatile int *'
/home/hust/git/Oslab/ucore/ucore/src/kern-ucore/arch/mips/sync/sync.h: In function 'unlock':
/home/hust/git/Oslab/ucore/ucore/src/kern-ucore/arch/mips/sync/sync.h:33:2: warning: pointer targets in passing argument 2 of 'test_and_clear_bit' differ in signedness [-Wpointer-sign]
/home/hust/git/Oslab/ucore/ucore/src/kern-ucore/arch/mips/glue-ucore/atomic.h:244:29: note: expected 'volatile unsigned int *' but argument is of type 'volatile int *'
ramdisk.c: In function 'check_initrd':
ramdisk.c:34:3: warning: implicit declaration of function 'kprintf' [-Wimplicit-function-declaration]
In file included from /home/hust/git/Oslab/ucore/ucore/src/kern-ucore/../glue-kern/arch/mips/glue_memlayout.h:38:0,
                 from /home/hust/git/Oslab/ucore/ucore/src/kern-ucore/../glue-kern/arch/mips/glue_pgmap.h:5,
                 from /home/hust/git/Oslab/ucore/ucore/src/kern-ucore/arch/mips/mm/pmm.h:5,
                 from init.c:10:
/home/hust/git/Oslab/ucore/ucore/src/kern-ucore/arch/mips/glue-ucore/atomic.h: In function 'test_and_change_bit':
/home/hust/git/Oslab/ucore/ucore/src/kern-ucore/arch/mips/glue-ucore/atomic.h:265:16: warning: variable 'c' set but not used [-Wunused-but-set-variable]
In file included from /home/hust/git/Oslab/ucore/ucore/src/kern-ucore/../glue-kern/arch/mips/glue_memlayout.h:39:0,
                 from /home/hust/git/Oslab/ucore/ucore/src/kern-ucore/../glue-kern/arch/mips/glue_pgmap.h:5,
                 from /home/hust/git/Oslab/ucore/ucore/src/kern-ucore/arch/mips/mm/pmm.h:5,
                 from init.c:10:
/home/hust/git/Oslab/ucore/ucore/src/kern-ucore/arch/mips/sync/sync.h: In function 'try_lock':
/home/hust/git/Oslab/ucore/ucore/src/kern-ucore/arch/mips/sync/sync.h:21:2: warning: pointer targets in passing argument 2 of 'test_and_set_bit' differ in signedness [-Wpointer-sign]
/home/hust/git/Oslab/ucore/ucore/src/kern-ucore/arch/mips/glue-ucore/atomic.h:226:29: note: expected 'volatile unsigned int *' but argument is of type 'volatile int *'
/home/hust/git/Oslab/ucore/ucore/src/kern-ucore/arch/mips/sync/sync.h: In function 'unlock':
/home/hust/git/Oslab/ucore/ucore/src/kern-ucore/arch/mips/sync/sync.h:33:2: warning: pointer targets in passing argument 2 of 'test_and_clear_bit' differ in signedness [-Wpointer-sign]
/home/hust/git/Oslab/ucore/ucore/src/kern-ucore/arch/mips/glue-ucore/atomic.h:244:29: note: expected 'volatile unsigned int *' but argument is of type 'volatile int *'
In file included from init.c:13:0:
/home/hust/git/Oslab/ucore/ucore/src/kern-ucore/arch/mips/glue-ucore/thumips_tlb.h: In function 'write_one_tlb':
/home/hust/git/Oslab/ucore/ucore/src/kern-ucore/arch/mips/glue-ucore/thumips_tlb.h:34:2: warning: implicit declaration of function 'local_irq_save' [-Wimplicit-function-declaration]
/home/hust/git/Oslab/ucore/ucore/src/kern-ucore/arch/mips/glue-ucore/thumips_tlb.h:34:2: warning: implicit declaration of function 'local_irq_restore' [-Wimplicit-function-declaration]
init.c: In function 'kern_init':
init.c:28:12: warning: initialization makes pointer from integer without a cast [enabled by default]
init.c:30:2: warning: implicit declaration of function 'mp_init' [-Wimplicit-function-declaration]
init.c:35:2: warning: implicit declaration of function 'check_initrd' [-Wimplicit-function-declaration]
init.c:53:2: warning: implicit declaration of function 'ide_init' [-Wimplicit-function-declaration]
init.c:54:2: warning: implicit declaration of function 'fs_init' [-Wimplicit-function-declaration]
init.c:28:8: warning: unused variable 'p' [-Wunused-variable]
In file included from /home/hust/git/Oslab/ucore/ucore/src/kern-ucore/arch/mips/sync/sync.h:9:0,
                 from buddy_pmm.c:2:
/home/hust/git/Oslab/ucore/ucore/src/kern-ucore/arch/mips/glue-ucore/atomic.h: In function 'test_and_change_bit':
/home/hust/git/Oslab/ucore/ucore/src/kern-ucore/arch/mips/glue-ucore/atomic.h:265:16: warning: variable 'c' set but not used [-Wunused-but-set-variable]
In file included from buddy_pmm.c:2:0:
/home/hust/git/Oslab/ucore/ucore/src/kern-ucore/arch/mips/sync/sync.h: In function 'try_lock':
/home/hust/git/Oslab/ucore/ucore/src/kern-ucore/arch/mips/sync/sync.h:21:2: warning: pointer targets in passing argument 2 of 'test_and_set_bit' differ in signedness [-Wpointer-sign]
/home/hust/git/Oslab/ucore/ucore/src/kern-ucore/arch/mips/glue-ucore/atomic.h:226:29: note: expected 'volatile uint32_t *' but argument is of type 'volatile int *'
/home/hust/git/Oslab/ucore/ucore/src/kern-ucore/arch/mips/sync/sync.h: In function 'unlock':
/home/hust/git/Oslab/ucore/ucore/src/kern-ucore/arch/mips/sync/sync.h:33:2: warning: pointer targets in passing argument 2 of 'test_and_clear_bit' differ in signedness [-Wpointer-sign]
/home/hust/git/Oslab/ucore/ucore/src/kern-ucore/arch/mips/glue-ucore/atomic.h:244:29: note: expected 'volatile uint32_t *' but argument is of type 'volatile int *'
In file included from /home/hust/git/Oslab/ucore/ucore/src/kern-ucore/../glue-kern/arch/mips/glue_memlayout.h:38:0,
                 from /home/hust/git/Oslab/ucore/ucore/src/kern-ucore/arch/mips/mm/memlayout.h:4,
                 from pmm.c:6:
/home/hust/git/Oslab/ucore/ucore/src/kern-ucore/arch/mips/glue-ucore/atomic.h: In function 'test_and_change_bit':
/home/hust/git/Oslab/ucore/ucore/src/kern-ucore/arch/mips/glue-ucore/atomic.h:265:16: warning: variable 'c' set but not used [-Wunused-but-set-variable]
In file included from /home/hust/git/Oslab/ucore/ucore/src/kern-ucore/../glue-kern/arch/mips/glue_memlayout.h:39:0,
                 from /home/hust/git/Oslab/ucore/ucore/src/kern-ucore/arch/mips/mm/memlayout.h:4,
                 from pmm.c:6:
/home/hust/git/Oslab/ucore/ucore/src/kern-ucore/arch/mips/sync/sync.h: In function 'try_lock':
/home/hust/git/Oslab/ucore/ucore/src/kern-ucore/arch/mips/sync/sync.h:21:2: warning: pointer targets in passing argument 2 of 'test_and_set_bit' differ in signedness [-Wpointer-sign]
/home/hust/git/Oslab/ucore/ucore/src/kern-ucore/arch/mips/glue-ucore/atomic.h:226:29: note: expected 'volatile unsigned int *' but argument is of type 'volatile int *'
/home/hust/git/Oslab/ucore/ucore/src/kern-ucore/arch/mips/sync/sync.h: In function 'unlock':
/home/hust/git/Oslab/ucore/ucore/src/kern-ucore/arch/mips/sync/sync.h:33:2: warning: pointer targets in passing argument 2 of 'test_and_clear_bit' differ in signedness [-Wpointer-sign]
/home/hust/git/Oslab/ucore/ucore/src/kern-ucore/arch/mips/glue-ucore/atomic.h:244:29: note: expected 'volatile unsigned int *' but argument is of type 'volatile int *'
pmm.c: In function 'page_init':
pmm.c:97:11: warning: variable 'maxpa' set but not used [-Wunused-but-set-variable]
pmm.c: In function 'pmm_init':
pmm.c:205:2: warning: implicit declaration of function 'slab_init' [-Wimplicit-function-declaration]
pmm.c: In function 'page_remove_pte':
pmm.c:225:2: warning: implicit declaration of function 'tlb_invalidate_all' [-Wimplicit-function-declaration]
pmm.c: In function 'check_boot_pgdir':
pmm.c:287:6: warning: unused variable 'i' [-Wunused-variable]
pmm.c:286:9: warning: unused variable 'ptep' [-Wunused-variable]
pmm.c: At top level:
pmm.c:144:1: warning: 'boot_map_segment' defined but not used [-Wunused-function]
In file included from /home/hust/git/Oslab/ucore/ucore/src/kern-ucore/../glue-kern/arch/mips/glue_memlayout.h:38:0,
                 from /home/hust/git/Oslab/ucore/ucore/src/kern-ucore/arch/mips/mm/memlayout.h:4,
                 from thumips_tlb.c:23:
/home/hust/git/Oslab/ucore/ucore/src/kern-ucore/arch/mips/glue-ucore/atomic.h: In function 'test_and_change_bit':
/home/hust/git/Oslab/ucore/ucore/src/kern-ucore/arch/mips/glue-ucore/atomic.h:265:16: warning: variable 'c' set but not used [-Wunused-but-set-variable]
In file included from /home/hust/git/Oslab/ucore/ucore/src/kern-ucore/../glue-kern/arch/mips/glue_memlayout.h:39:0,
                 from /home/hust/git/Oslab/ucore/ucore/src/kern-ucore/arch/mips/mm/memlayout.h:4,
                 from thumips_tlb.c:23:
/home/hust/git/Oslab/ucore/ucore/src/kern-ucore/arch/mips/sync/sync.h: In function 'try_lock':
/home/hust/git/Oslab/ucore/ucore/src/kern-ucore/arch/mips/sync/sync.h:21:2: warning: pointer targets in passing argument 2 of 'test_and_set_bit' differ in signedness [-Wpointer-sign]
/home/hust/git/Oslab/ucore/ucore/src/kern-ucore/arch/mips/glue-ucore/atomic.h:226:29: note: expected 'volatile unsigned int *' but argument is of type 'volatile int *'
/home/hust/git/Oslab/ucore/ucore/src/kern-ucore/arch/mips/sync/sync.h: In function 'unlock':
/home/hust/git/Oslab/ucore/ucore/src/kern-ucore/arch/mips/sync/sync.h:33:2: warning: pointer targets in passing argument 2 of 'test_and_clear_bit' differ in signedness [-Wpointer-sign]
/home/hust/git/Oslab/ucore/ucore/src/kern-ucore/arch/mips/glue-ucore/atomic.h:244:29: note: expected 'volatile unsigned int *' but argument is of type 'volatile int *'
In file included from thumips_tlb.c:25:0:
/home/hust/git/Oslab/ucore/ucore/src/kern-ucore/arch/mips/glue-ucore/thumips_tlb.h: In function 'write_one_tlb':
/home/hust/git/Oslab/ucore/ucore/src/kern-ucore/arch/mips/glue-ucore/thumips_tlb.h:34:2: warning: implicit declaration of function 'local_irq_save' [-Wimplicit-function-declaration]
/home/hust/git/Oslab/ucore/ucore/src/kern-ucore/arch/mips/glue-ucore/thumips_tlb.h:34:2: warning: implicit declaration of function 'local_irq_restore' [-Wimplicit-function-declaration]
In file included from /home/hust/git/Oslab/ucore/ucore/src/kern-ucore/../glue-kern/arch/mips/glue_memlayout.h:38:0,
                 from /home/hust/git/Oslab/ucore/ucore/src/kern-ucore/arch/mips/mm/memlayout.h:4,
                 from /home/hust/git/Oslab/ucore/ucore/src/kern-ucore/mm/vmm.h:7,
                 from vmm.c:2:
/home/hust/git/Oslab/ucore/ucore/src/kern-ucore/arch/mips/glue-ucore/atomic.h: In function 'test_and_change_bit':
/home/hust/git/Oslab/ucore/ucore/src/kern-ucore/arch/mips/glue-ucore/atomic.h:265:16: warning: variable 'c' set but not used [-Wunused-but-set-variable]
In file included from /home/hust/git/Oslab/ucore/ucore/src/kern-ucore/../glue-kern/arch/mips/glue_memlayout.h:39:0,
                 from /home/hust/git/Oslab/ucore/ucore/src/kern-ucore/arch/mips/mm/memlayout.h:4,
                 from /home/hust/git/Oslab/ucore/ucore/src/kern-ucore/mm/vmm.h:7,
                 from vmm.c:2:
/home/hust/git/Oslab/ucore/ucore/src/kern-ucore/arch/mips/sync/sync.h: In function 'try_lock':
/home/hust/git/Oslab/ucore/ucore/src/kern-ucore/arch/mips/sync/sync.h:21:2: warning: pointer targets in passing argument 2 of 'test_and_set_bit' differ in signedness [-Wpointer-sign]
/home/hust/git/Oslab/ucore/ucore/src/kern-ucore/arch/mips/glue-ucore/atomic.h:226:29: note: expected 'volatile unsigned int *' but argument is of type 'volatile int *'
/home/hust/git/Oslab/ucore/ucore/src/kern-ucore/arch/mips/sync/sync.h: In function 'unlock':
/home/hust/git/Oslab/ucore/ucore/src/kern-ucore/arch/mips/sync/sync.h:33:2: warning: pointer targets in passing argument 2 of 'test_and_clear_bit' differ in signedness [-Wpointer-sign]
/home/hust/git/Oslab/ucore/ucore/src/kern-ucore/arch/mips/glue-ucore/atomic.h:244:29: note: expected 'volatile unsigned int *' but argument is of type 'volatile int *'
In file included from vmm.c:10:0:
/home/hust/git/Oslab/ucore/ucore/src/kern-ucore/arch/mips/glue-ucore/thumips_tlb.h: In function 'write_one_tlb':
/home/hust/git/Oslab/ucore/ucore/src/kern-ucore/arch/mips/glue-ucore/thumips_tlb.h:34:2: warning: implicit declaration of function 'local_irq_save' [-Wimplicit-function-declaration]
/home/hust/git/Oslab/ucore/ucore/src/kern-ucore/arch/mips/glue-ucore/thumips_tlb.h:34:2: warning: implicit declaration of function 'local_irq_restore' [-Wimplicit-function-declaration]
vmm.c: At top level:
vmm.c:74:13: warning: 'check_vmm' defined but not used [-Wunused-function]
In file included from /home/hust/git/Oslab/ucore/ucore/src/kern-ucore/../glue-kern/arch/mips/glue_memlayout.h:38:0,
                 from /home/hust/git/Oslab/ucore/ucore/src/kern-ucore/arch/mips/mm/memlayout.h:4,
                 from /home/hust/git/Oslab/ucore/ucore/src/kern-ucore/process/proc.h:7,
                 from proc.c:1:
/home/hust/git/Oslab/ucore/ucore/src/kern-ucore/arch/mips/glue-ucore/atomic.h: In function 'test_and_change_bit':
/home/hust/git/Oslab/ucore/ucore/src/kern-ucore/arch/mips/glue-ucore/atomic.h:265:16: warning: variable 'c' set but not used [-Wunused-but-set-variable]
In file included from /home/hust/git/Oslab/ucore/ucore/src/kern-ucore/../glue-kern/arch/mips/glue_memlayout.h:39:0,
                 from /home/hust/git/Oslab/ucore/ucore/src/kern-ucore/arch/mips/mm/memlayout.h:4,
                 from /home/hust/git/Oslab/ucore/ucore/src/kern-ucore/process/proc.h:7,
                 from proc.c:1:
/home/hust/git/Oslab/ucore/ucore/src/kern-ucore/arch/mips/sync/sync.h: In function 'try_lock':
/home/hust/git/Oslab/ucore/ucore/src/kern-ucore/arch/mips/sync/sync.h:21:2: warning: pointer targets in passing argument 2 of 'test_and_set_bit' differ in signedness [-Wpointer-sign]
/home/hust/git/Oslab/ucore/ucore/src/kern-ucore/arch/mips/glue-ucore/atomic.h:226:29: note: expected 'volatile unsigned int *' but argument is of type 'volatile int *'
/home/hust/git/Oslab/ucore/ucore/src/kern-ucore/arch/mips/sync/sync.h: In function 'unlock':
/home/hust/git/Oslab/ucore/ucore/src/kern-ucore/arch/mips/sync/sync.h:33:2: warning: pointer targets in passing argument 2 of 'test_and_clear_bit' differ in signedness [-Wpointer-sign]
/home/hust/git/Oslab/ucore/ucore/src/kern-ucore/arch/mips/glue-ucore/atomic.h:244:29: note: expected 'volatile unsigned int *' but argument is of type 'volatile int *'
proc.c: At top level:
proc.c:115:13: warning: 'set_links' defined but not used [-Wunused-function]
proc.c:127:13: warning: 'remove_links' defined but not used [-Wunused-function]
proc.c:142:12: warning: 'get_pid' defined but not used [-Wunused-function]
proc.c:189:13: warning: 'hash_proc' defined but not used [-Wunused-function]
proc.c:195:13: warning: 'unhash_proc' defined but not used [-Wunused-function]
proc.c:221:12: warning: 'setup_kstack' defined but not used [-Wunused-function]
proc.c:232:13: warning: 'put_kstack' defined but not used [-Wunused-function]
proc.c:260:12: warning: 'copy_mm' defined but not used [-Wunused-function]
proc.c:323:12: warning: 'copy_fs' defined but not used [-Wunused-function]
proc.c:353:13: warning: 'put_fs' defined but not used [-Wunused-function]
proc.c:372:1: warning: 'copy_kargv' defined but not used [-Wunused-function]
proc.c: In function 'ucore_kernel_thread':
proc.c:449:1: warning: control reaches end of non-void function [-Wreturn-type]
In file included from /home/hust/git/Oslab/ucore/ucore/src/kern-ucore/../glue-kern/arch/mips/glue_memlayout.h:38:0,
                 from /home/hust/git/Oslab/ucore/ucore/src/kern-ucore/arch/mips/mm/memlayout.h:4,
                 from /home/hust/git/Oslab/ucore/ucore/src/kern-ucore/process/proc.h:7,
                 from signal.c:1:
/home/hust/git/Oslab/ucore/ucore/src/kern-ucore/arch/mips/glue-ucore/atomic.h: In function 'test_and_change_bit':
/home/hust/git/Oslab/ucore/ucore/src/kern-ucore/arch/mips/glue-ucore/atomic.h:265:16: warning: variable 'c' set but not used [-Wunused-but-set-variable]
In file included from /home/hust/git/Oslab/ucore/ucore/src/kern-ucore/../glue-kern/arch/mips/glue_memlayout.h:39:0,
                 from /home/hust/git/Oslab/ucore/ucore/src/kern-ucore/arch/mips/mm/memlayout.h:4,
                 from /home/hust/git/Oslab/ucore/ucore/src/kern-ucore/process/proc.h:7,
                 from signal.c:1:
/home/hust/git/Oslab/ucore/ucore/src/kern-ucore/arch/mips/sync/sync.h: In function 'try_lock':
/home/hust/git/Oslab/ucore/ucore/src/kern-ucore/arch/mips/sync/sync.h:21:2: warning: pointer targets in passing argument 2 of 'test_and_set_bit' differ in signedness [-Wpointer-sign]
/home/hust/git/Oslab/ucore/ucore/src/kern-ucore/arch/mips/glue-ucore/atomic.h:226:29: note: expected 'volatile unsigned int *' but argument is of type 'volatile int *'
/home/hust/git/Oslab/ucore/ucore/src/kern-ucore/arch/mips/sync/sync.h: In function 'unlock':
/home/hust/git/Oslab/ucore/ucore/src/kern-ucore/arch/mips/sync/sync.h:33:2: warning: pointer targets in passing argument 2 of 'test_and_clear_bit' differ in signedness [-Wpointer-sign]
/home/hust/git/Oslab/ucore/ucore/src/kern-ucore/arch/mips/glue-ucore/atomic.h:244:29: note: expected 'volatile unsigned int *' but argument is of type 'volatile int *'
In file included from /home/hust/git/Oslab/ucore/ucore/src/kern-ucore/../glue-kern/arch/mips/glue_memlayout.h:38:0,
                 from /home/hust/git/Oslab/ucore/ucore/src/kern-ucore/arch/mips/mm/memlayout.h:4,
                 from /home/hust/git/Oslab/ucore/ucore/src/kern-ucore/process/proc.h:7,
                 from syscall.c:2:
/home/hust/git/Oslab/ucore/ucore/src/kern-ucore/arch/mips/glue-ucore/atomic.h: In function 'test_and_change_bit':
/home/hust/git/Oslab/ucore/ucore/src/kern-ucore/arch/mips/glue-ucore/atomic.h:265:16: warning: variable 'c' set but not used [-Wunused-but-set-variable]
In file included from /home/hust/git/Oslab/ucore/ucore/src/kern-ucore/../glue-kern/arch/mips/glue_memlayout.h:39:0,
                 from /home/hust/git/Oslab/ucore/ucore/src/kern-ucore/arch/mips/mm/memlayout.h:4,
                 from /home/hust/git/Oslab/ucore/ucore/src/kern-ucore/process/proc.h:7,
                 from syscall.c:2:
/home/hust/git/Oslab/ucore/ucore/src/kern-ucore/arch/mips/sync/sync.h: In function 'try_lock':
/home/hust/git/Oslab/ucore/ucore/src/kern-ucore/arch/mips/sync/sync.h:21:2: warning: pointer targets in passing argument 2 of 'test_and_set_bit' differ in signedness [-Wpointer-sign]
/home/hust/git/Oslab/ucore/ucore/src/kern-ucore/arch/mips/glue-ucore/atomic.h:226:29: note: expected 'volatile unsigned int *' but argument is of type 'volatile int *'
/home/hust/git/Oslab/ucore/ucore/src/kern-ucore/arch/mips/sync/sync.h: In function 'unlock':
/home/hust/git/Oslab/ucore/ucore/src/kern-ucore/arch/mips/sync/sync.h:33:2: warning: pointer targets in passing argument 2 of 'test_and_clear_bit' differ in signedness [-Wpointer-sign]
/home/hust/git/Oslab/ucore/ucore/src/kern-ucore/arch/mips/glue-ucore/atomic.h:244:29: note: expected 'volatile unsigned int *' but argument is of type 'volatile int *'
syscall.c: At top level:
syscall.c:199:6: warning: initialization from incompatible pointer type [enabled by default]
syscall.c:199:6: warning: (near initialization for 'syscalls[22]') [enabled by default]
In file included from /home/hust/git/Oslab/ucore/ucore/src/kern-ucore/../glue-kern/arch/mips/glue_memlayout.h:38:0,
                 from /home/hust/git/Oslab/ucore/ucore/src/kern-ucore/glue-ucore/mp.h:5,
                 from mp.c:2:
/home/hust/git/Oslab/ucore/ucore/src/kern-ucore/arch/mips/glue-ucore/atomic.h: In function 'test_and_change_bit':
/home/hust/git/Oslab/ucore/ucore/src/kern-ucore/arch/mips/glue-ucore/atomic.h:265:16: warning: variable 'c' set but not used [-Wunused-but-set-variable]
In file included from /home/hust/git/Oslab/ucore/ucore/src/kern-ucore/../glue-kern/arch/mips/glue_memlayout.h:39:0,
                 from /home/hust/git/Oslab/ucore/ucore/src/kern-ucore/glue-ucore/mp.h:5,
                 from mp.c:2:
/home/hust/git/Oslab/ucore/ucore/src/kern-ucore/arch/mips/sync/sync.h: In function 'try_lock':
/home/hust/git/Oslab/ucore/ucore/src/kern-ucore/arch/mips/sync/sync.h:21:2: warning: pointer targets in passing argument 2 of 'test_and_set_bit' differ in signedness [-Wpointer-sign]
/home/hust/git/Oslab/ucore/ucore/src/kern-ucore/arch/mips/glue-ucore/atomic.h:226:29: note: expected 'volatile uint32_t *' but argument is of type 'volatile int *'
/home/hust/git/Oslab/ucore/ucore/src/kern-ucore/arch/mips/sync/sync.h: In function 'unlock':
/home/hust/git/Oslab/ucore/ucore/src/kern-ucore/arch/mips/sync/sync.h:33:2: warning: pointer targets in passing argument 2 of 'test_and_clear_bit' differ in signedness [-Wpointer-sign]
/home/hust/git/Oslab/ucore/ucore/src/kern-ucore/arch/mips/glue-ucore/atomic.h:244:29: note: expected 'volatile uint32_t *' but argument is of type 'volatile int *'
mp.c: In function 'mp_set_mm_pagetable':
mp.c:13:3: warning: implicit declaration of function 'lcr3' [-Wimplicit-function-declaration]
mp.c:16:2: warning: implicit declaration of function 'tlb_invalidate_all' [-Wimplicit-function-declaration]
In file included from /home/hust/git/Oslab/ucore/ucore/src/kern-ucore/../glue-kern/arch/mips/glue_memlayout.h:38:0,
                 from /home/hust/git/Oslab/ucore/ucore/src/kern-ucore/arch/mips/mm/memlayout.h:4,
                 from /home/hust/git/Oslab/ucore/ucore/src/kern-ucore/arch/mips/glue-ucore/thumips_tlb.h:22,
                 from trap.c:6:
/home/hust/git/Oslab/ucore/ucore/src/kern-ucore/arch/mips/glue-ucore/atomic.h: In function 'test_and_change_bit':
/home/hust/git/Oslab/ucore/ucore/src/kern-ucore/arch/mips/glue-ucore/atomic.h:265:16: warning: variable 'c' set but not used [-Wunused-but-set-variable]
In file included from /home/hust/git/Oslab/ucore/ucore/src/kern-ucore/../glue-kern/arch/mips/glue_memlayout.h:39:0,
                 from /home/hust/git/Oslab/ucore/ucore/src/kern-ucore/arch/mips/mm/memlayout.h:4,
                 from /home/hust/git/Oslab/ucore/ucore/src/kern-ucore/arch/mips/glue-ucore/thumips_tlb.h:22,
                 from trap.c:6:
/home/hust/git/Oslab/ucore/ucore/src/kern-ucore/arch/mips/sync/sync.h: In function 'try_lock':
/home/hust/git/Oslab/ucore/ucore/src/kern-ucore/arch/mips/sync/sync.h:21:2: warning: pointer targets in passing argument 2 of 'test_and_set_bit' differ in signedness [-Wpointer-sign]
/home/hust/git/Oslab/ucore/ucore/src/kern-ucore/arch/mips/glue-ucore/atomic.h:226:29: note: expected 'volatile unsigned int *' but argument is of type 'volatile int *'
/home/hust/git/Oslab/ucore/ucore/src/kern-ucore/arch/mips/sync/sync.h: In function 'unlock':
/home/hust/git/Oslab/ucore/ucore/src/kern-ucore/arch/mips/sync/sync.h:33:2: warning: pointer targets in passing argument 2 of 'test_and_clear_bit' differ in signedness [-Wpointer-sign]
/home/hust/git/Oslab/ucore/ucore/src/kern-ucore/arch/mips/glue-ucore/atomic.h:244:29: note: expected 'volatile unsigned int *' but argument is of type 'volatile int *'
In file included from trap.c:6:0:
/home/hust/git/Oslab/ucore/ucore/src/kern-ucore/arch/mips/glue-ucore/thumips_tlb.h: In function 'write_one_tlb':
/home/hust/git/Oslab/ucore/ucore/src/kern-ucore/arch/mips/glue-ucore/thumips_tlb.h:34:2: warning: implicit declaration of function 'local_irq_save' [-Wimplicit-function-declaration]
/home/hust/git/Oslab/ucore/ucore/src/kern-ucore/arch/mips/glue-ucore/thumips_tlb.h:34:2: warning: implicit declaration of function 'local_irq_restore' [-Wimplicit-function-declaration]
trap.c: In function 'interrupt_handler':
trap.c:92:9: warning: type defaults to 'int' in declaration of 'clock_int_handler' [-Wimplicit-int]
trap.c:93:9: warning: type defaults to 'int' in declaration of 'serial_int_handler' [-Wimplicit-int]
trap.c: In function 'pgfault_handler':
trap.c:151:2: warning: implicit declaration of function 'do_pgfault' [-Wimplicit-function-declaration]
trap.c: In function 'mips_trap':
trap.c:271:13: warning: variable 'flag' set but not used [-Wunused-but-set-variable]
trap.c: At top level:
trap.c:27:13: warning: 'print_ticks' defined but not used [-Wunused-function]
In file included from /home/hust/git/Oslab/ucore/ucore/src/kern-ucore/kmodule/mod.h:7:0,
                 from mod.c:2:
/home/hust/git/Oslab/ucore/ucore/src/kern-ucore/arch/mips/glue-ucore/atomic.h: In function 'test_and_change_bit':
/home/hust/git/Oslab/ucore/ucore/src/kern-ucore/arch/mips/glue-ucore/atomic.h:265:16: warning: variable 'c' set but not used [-Wunused-but-set-variable]
mod.c: In function 'apply_relocate':
mod.c:14:2: warning: implicit declaration of function 'kprintf' [-Wimplicit-function-declaration]
arch/mips/bootasm.S:24:21: warning: backslash and newline separated by space [enabled by default]
